[inst #1] addi x1,x0,0
Register Write to Reg: 0x01 Val: 0x00000000
[inst #2] sltiu x2,x1,1
Register Write to Reg: 0x02 Val: 0x00000001
[inst #3] sltiu x3,x0,0
Register Write to Reg: 0x03 Val: 0x00000000
[inst #4] addi x1,x0,1
Register Write to Reg: 0x01 Val: 0x00000001
[inst #5] sltiu x4,x1,1
Register Write to Reg: 0x04 Val: 0x00000000
[inst #6] sltiu x5,x1,2
Register Write to Reg: 0x05 Val: 0x00000001
[inst #7] addi x1,x0,5
Register Write to Reg: 0x01 Val: 0x00000005
[inst #8] sltiu x6,x1,3
Register Write to Reg: 0x06 Val: 0x00000000
[inst #9] sltiu x0,x1,3
Register Write to Reg: 0x00 Val: 0x00000000
[inst #10] wfi 

Program terminated by dropping off the bottom.
