Info: *******************************************************************
Info: Running Quartus Prime Analysis & Synthesis
    Info: Version 20.1.1 Build 720 11/11/2020 SJ Standard Edition
    Info: Copyright (C) 2020  Intel Corporation. All rights reserved.
    Info: Your use of Intel Corporation's design tools, logic functions 
    Info: and other software and tools, and any partner logic 
    Info: functions, and any output files from any of the foregoing 
    Info: (including device programming or simulation files), and any 
    Info: associated documentation or information are expressly subject 
    Info: to the terms and conditions of the Intel Program License 
    Info: Subscription Agreement, the Intel Quartus Prime License Agreement,
    Info: the Intel FPGA IP License Agreement, or other applicable license
    Info: agreement, including, without limitation, that your use is for
    Info: the sole purpose of programming logic devices manufactured by
    Info: Intel and sold by Intel or its authorized distributors.  Please
    Info: refer to the applicable agreement for further details, at
    Info: https://fpgasoftware.intel.com/eula.
    Info: Processing started: Fri Apr 17 10:16:55 2026
Info: Command: quartus_map --read_settings_files=on --write_settings_files=off toolflow -c toolflow
Warning (18236): Number of processors has not been specified which may cause overloading on shared machines.  Set the global assignment NUM_PARALLEL_PROCESSORS in your QSF to an appropriate value for best performance.
Info (20030): Parallel compilation is enabled and will use 12 of the 12 processors detected
Info (12021): Found 2 design units, including 1 entities, in source file /home/jrd81/CPRE_381_Proj02/CPRE3810_Proj02/cpre3810-toolflow/proj/src/ALU/addSub.vhd
    Info (12022): Found design unit 1: addSub-structural File: /home/jrd81/CPRE_381_Proj02/CPRE3810_Proj02/cpre3810-toolflow/proj/src/ALU/addSub.vhd Line: 17
    Info (12023): Found entity 1: addSub File: /home/jrd81/CPRE_381_Proj02/CPRE3810_Proj02/cpre3810-toolflow/proj/src/ALU/addSub.vhd Line: 8
Info (12021): Found 2 design units, including 1 entities, in source file /home/jrd81/CPRE_381_Proj02/CPRE3810_Proj02/cpre3810-toolflow/proj/src/ALU/addSub_BRANCH.vhd
    Info (12022): Found design unit 1: addSub_BRANCH-structural File: /home/jrd81/CPRE_381_Proj02/CPRE3810_Proj02/cpre3810-toolflow/proj/src/ALU/addSub_BRANCH.vhd Line: 23
    Info (12023): Found entity 1: addSub_BRANCH File: /home/jrd81/CPRE_381_Proj02/CPRE3810_Proj02/cpre3810-toolflow/proj/src/ALU/addSub_BRANCH.vhd Line: 12
Info (12021): Found 2 design units, including 1 entities, in source file /home/jrd81/CPRE_381_Proj02/CPRE3810_Proj02/cpre3810-toolflow/proj/src/ALU/and_ALU.vhd
    Info (12022): Found design unit 1: and_ALU-structural File: /home/jrd81/CPRE_381_Proj02/CPRE3810_Proj02/cpre3810-toolflow/proj/src/ALU/and_ALU.vhd Line: 16
    Info (12023): Found entity 1: and_ALU File: /home/jrd81/CPRE_381_Proj02/CPRE3810_Proj02/cpre3810-toolflow/proj/src/ALU/and_ALU.vhd Line: 9
Info (12021): Found 2 design units, including 1 entities, in source file /home/jrd81/CPRE_381_Proj02/CPRE3810_Proj02/cpre3810-toolflow/proj/src/ALU/and_N.vhd
    Info (12022): Found design unit 1: and_N-structural File: /home/jrd81/CPRE_381_Proj02/CPRE3810_Proj02/cpre3810-toolflow/proj/src/ALU/and_N.vhd Line: 17
    Info (12023): Found entity 1: and_N File: /home/jrd81/CPRE_381_Proj02/CPRE3810_Proj02/cpre3810-toolflow/proj/src/ALU/and_N.vhd Line: 10
Info (12021): Found 2 design units, including 1 entities, in source file /home/jrd81/CPRE_381_Proj02/CPRE3810_Proj02/cpre3810-toolflow/proj/src/ALU/basic_adder_n_BRANCH.vhd
    Info (12022): Found design unit 1: basic_adder_n_BRANCH-structural File: /home/jrd81/CPRE_381_Proj02/CPRE3810_Proj02/cpre3810-toolflow/proj/src/ALU/basic_adder_n_BRANCH.vhd Line: 23
    Info (12023): Found entity 1: basic_adder_n_BRANCH File: /home/jrd81/CPRE_381_Proj02/CPRE3810_Proj02/cpre3810-toolflow/proj/src/ALU/basic_adder_n_BRANCH.vhd Line: 13
Info (12021): Found 2 design units, including 1 entities, in source file /home/jrd81/CPRE_381_Proj02/CPRE3810_Proj02/cpre3810-toolflow/proj/src/ALU/busMux_4t1.vhd
    Info (12022): Found design unit 1: busMux_4t1-structural File: /home/jrd81/CPRE_381_Proj02/CPRE3810_Proj02/cpre3810-toolflow/proj/src/ALU/busMux_4t1.vhd Line: 21
    Info (12023): Found entity 1: busMux_4t1 File: /home/jrd81/CPRE_381_Proj02/CPRE3810_Proj02/cpre3810-toolflow/proj/src/ALU/busMux_4t1.vhd Line: 11
Info (12021): Found 2 design units, including 1 entities, in source file /home/jrd81/CPRE_381_Proj02/CPRE3810_Proj02/cpre3810-toolflow/proj/src/ALU/busMux_8t1.vhd
    Info (12022): Found design unit 1: busMux_8t1-structural File: /home/jrd81/CPRE_381_Proj02/CPRE3810_Proj02/cpre3810-toolflow/proj/src/ALU/busMux_8t1.vhd Line: 23
    Info (12023): Found entity 1: busMux_8t1 File: /home/jrd81/CPRE_381_Proj02/CPRE3810_Proj02/cpre3810-toolflow/proj/src/ALU/busMux_8t1.vhd Line: 8
Info (12021): Found 2 design units, including 1 entities, in source file /home/jrd81/CPRE_381_Proj02/CPRE3810_Proj02/cpre3810-toolflow/proj/src/ALU/ones_comp_N.vhd
    Info (12022): Found design unit 1: ones_comp_N-structural File: /home/jrd81/CPRE_381_Proj02/CPRE3810_Proj02/cpre3810-toolflow/proj/src/ALU/ones_comp_N.vhd Line: 17
    Info (12023): Found entity 1: ones_comp_N File: /home/jrd81/CPRE_381_Proj02/CPRE3810_Proj02/cpre3810-toolflow/proj/src/ALU/ones_comp_N.vhd Line: 11
Info (12021): Found 2 design units, including 1 entities, in source file /home/jrd81/CPRE_381_Proj02/CPRE3810_Proj02/cpre3810-toolflow/proj/src/ALU/or_ALU.vhd
    Info (12022): Found design unit 1: or_ALU-structural File: /home/jrd81/CPRE_381_Proj02/CPRE3810_Proj02/cpre3810-toolflow/proj/src/ALU/or_ALU.vhd Line: 16
    Info (12023): Found entity 1: or_ALU File: /home/jrd81/CPRE_381_Proj02/CPRE3810_Proj02/cpre3810-toolflow/proj/src/ALU/or_ALU.vhd Line: 9
Info (12021): Found 2 design units, including 1 entities, in source file /home/jrd81/CPRE_381_Proj02/CPRE3810_Proj02/cpre3810-toolflow/proj/src/ALU/or_N.vhd
    Info (12022): Found design unit 1: or_N-structural File: /home/jrd81/CPRE_381_Proj02/CPRE3810_Proj02/cpre3810-toolflow/proj/src/ALU/or_N.vhd Line: 17
    Info (12023): Found entity 1: or_N File: /home/jrd81/CPRE_381_Proj02/CPRE3810_Proj02/cpre3810-toolflow/proj/src/ALU/or_N.vhd Line: 10
Info (12021): Found 2 design units, including 1 entities, in source file /home/jrd81/CPRE_381_Proj02/CPRE3810_Proj02/cpre3810-toolflow/proj/src/ALU/proj01_BEQ.vhd
    Info (12022): Found design unit 1: proj01_BEQ-structural File: /home/jrd81/CPRE_381_Proj02/CPRE3810_Proj02/cpre3810-toolflow/proj/src/ALU/proj01_BEQ.vhd Line: 33
    Info (12023): Found entity 1: proj01_BEQ File: /home/jrd81/CPRE_381_Proj02/CPRE3810_Proj02/cpre3810-toolflow/proj/src/ALU/proj01_BEQ.vhd Line: 26
Info (12021): Found 2 design units, including 1 entities, in source file /home/jrd81/CPRE_381_Proj02/CPRE3810_Proj02/cpre3810-toolflow/proj/src/ALU/proj01_SLT.vhd
    Info (12022): Found design unit 1: proj01_SLT-structural File: /home/jrd81/CPRE_381_Proj02/CPRE3810_Proj02/cpre3810-toolflow/proj/src/ALU/proj01_SLT.vhd Line: 20
    Info (12023): Found entity 1: proj01_SLT File: /home/jrd81/CPRE_381_Proj02/CPRE3810_Proj02/cpre3810-toolflow/proj/src/ALU/proj01_SLT.vhd Line: 12
Info (12021): Found 2 design units, including 1 entities, in source file /home/jrd81/CPRE_381_Proj02/CPRE3810_Proj02/cpre3810-toolflow/proj/src/ALU/proj01_branchWrap.vhd
    Info (12022): Found design unit 1: proj01_branchWrap-structural File: /home/jrd81/CPRE_381_Proj02/CPRE3810_Proj02/cpre3810-toolflow/proj/src/ALU/proj01_branchWrap.vhd Line: 24
    Info (12023): Found entity 1: proj01_branchWrap File: /home/jrd81/CPRE_381_Proj02/CPRE3810_Proj02/cpre3810-toolflow/proj/src/ALU/proj01_branchWrap.vhd Line: 15
Info (12021): Found 2 design units, including 1 entities, in source file /home/jrd81/CPRE_381_Proj02/CPRE3810_Proj02/cpre3810-toolflow/proj/src/ALU/proj02_ALU.vhd
    Info (12022): Found design unit 1: proj02_ALU-structural File: /home/jrd81/CPRE_381_Proj02/CPRE3810_Proj02/cpre3810-toolflow/proj/src/ALU/proj02_ALU.vhd Line: 23
    Info (12023): Found entity 1: proj02_ALU File: /home/jrd81/CPRE_381_Proj02/CPRE3810_Proj02/cpre3810-toolflow/proj/src/ALU/proj02_ALU.vhd Line: 9
Info (12021): Found 2 design units, including 1 entities, in source file /home/jrd81/CPRE_381_Proj02/CPRE3810_Proj02/cpre3810-toolflow/proj/src/ALU/shifter.vhd
    Info (12022): Found design unit 1: shifter-structural File: /home/jrd81/CPRE_381_Proj02/CPRE3810_Proj02/cpre3810-toolflow/proj/src/ALU/shifter.vhd Line: 23
    Info (12023): Found entity 1: shifter File: /home/jrd81/CPRE_381_Proj02/CPRE3810_Proj02/cpre3810-toolflow/proj/src/ALU/shifter.vhd Line: 15
Info (12021): Found 2 design units, including 1 entities, in source file /home/jrd81/CPRE_381_Proj02/CPRE3810_Proj02/cpre3810-toolflow/proj/src/ALU/tb_proj01_ALU.vhd
    Info (12022): Found design unit 1: tb_proj01_ALU-proj01_ALU File: /home/jrd81/CPRE_381_Proj02/CPRE3810_Proj02/cpre3810-toolflow/proj/src/ALU/tb_proj01_ALU.vhd Line: 13
    Info (12023): Found entity 1: tb_proj01_ALU File: /home/jrd81/CPRE_381_Proj02/CPRE3810_Proj02/cpre3810-toolflow/proj/src/ALU/tb_proj01_ALU.vhd Line: 9
Info (12021): Found 2 design units, including 1 entities, in source file /home/jrd81/CPRE_381_Proj02/CPRE3810_Proj02/cpre3810-toolflow/proj/src/ALU/xor_ALU.vhd
    Info (12022): Found design unit 1: xor_ALU-structural File: /home/jrd81/CPRE_381_Proj02/CPRE3810_Proj02/cpre3810-toolflow/proj/src/ALU/xor_ALU.vhd Line: 16
    Info (12023): Found entity 1: xor_ALU File: /home/jrd81/CPRE_381_Proj02/CPRE3810_Proj02/cpre3810-toolflow/proj/src/ALU/xor_ALU.vhd Line: 9
Info (12021): Found 2 design units, including 1 entities, in source file /home/jrd81/CPRE_381_Proj02/CPRE3810_Proj02/cpre3810-toolflow/proj/src/ALU/xor_N.vhd
    Info (12022): Found design unit 1: xor_N-structural File: /home/jrd81/CPRE_381_Proj02/CPRE3810_Proj02/cpre3810-toolflow/proj/src/ALU/xor_N.vhd Line: 23
    Info (12023): Found entity 1: xor_N File: /home/jrd81/CPRE_381_Proj02/CPRE3810_Proj02/cpre3810-toolflow/proj/src/ALU/xor_N.vhd Line: 16
Info (12021): Found 2 design units, including 1 entities, in source file /home/jrd81/CPRE_381_Proj02/CPRE3810_Proj02/cpre3810-toolflow/proj/src/Branching/blt_combine.vhd
    Info (12022): Found design unit 1: blt_combine-structural File: /home/jrd81/CPRE_381_Proj02/CPRE3810_Proj02/cpre3810-toolflow/proj/src/Branching/blt_combine.vhd Line: 23
    Info (12023): Found entity 1: blt_combine File: /home/jrd81/CPRE_381_Proj02/CPRE3810_Proj02/cpre3810-toolflow/proj/src/Branching/blt_combine.vhd Line: 10
Info (12021): Found 2 design units, including 1 entities, in source file /home/jrd81/CPRE_381_Proj02/CPRE3810_Proj02/cpre3810-toolflow/proj/src/Branching/blt_combine_n.vhd
    Info (12022): Found design unit 1: blt_combine_n-structural File: /home/jrd81/CPRE_381_Proj02/CPRE3810_Proj02/cpre3810-toolflow/proj/src/Branching/blt_combine_n.vhd Line: 22
    Info (12023): Found entity 1: blt_combine_n File: /home/jrd81/CPRE_381_Proj02/CPRE3810_Proj02/cpre3810-toolflow/proj/src/Branching/blt_combine_n.vhd Line: 8
Info (12021): Found 2 design units, including 1 entities, in source file /home/jrd81/CPRE_381_Proj02/CPRE3810_Proj02/cpre3810-toolflow/proj/src/Branching/comparator.vhd
    Info (12022): Found design unit 1: comparator-structural File: /home/jrd81/CPRE_381_Proj02/CPRE3810_Proj02/cpre3810-toolflow/proj/src/Branching/comparator.vhd Line: 17
    Info (12023): Found entity 1: comparator File: /home/jrd81/CPRE_381_Proj02/CPRE3810_Proj02/cpre3810-toolflow/proj/src/Branching/comparator.vhd Line: 9
Info (12021): Found 2 design units, including 1 entities, in source file /home/jrd81/CPRE_381_Proj02/CPRE3810_Proj02/cpre3810-toolflow/proj/src/Branching/comparator_n.vhd
    Info (12022): Found design unit 1: comparator_n-structural File: /home/jrd81/CPRE_381_Proj02/CPRE3810_Proj02/cpre3810-toolflow/proj/src/Branching/comparator_n.vhd Line: 17
    Info (12023): Found entity 1: comparator_n File: /home/jrd81/CPRE_381_Proj02/CPRE3810_Proj02/cpre3810-toolflow/proj/src/Branching/comparator_n.vhd Line: 8
Info (12021): Found 2 design units, including 1 entities, in source file /home/jrd81/CPRE_381_Proj02/CPRE3810_Proj02/cpre3810-toolflow/proj/src/Branching/proj2_blt.vhd
    Info (12022): Found design unit 1: proj2_blt-mixed File: /home/jrd81/CPRE_381_Proj02/CPRE3810_Proj02/cpre3810-toolflow/proj/src/Branching/proj2_blt.vhd Line: 20
    Info (12023): Found entity 1: proj2_blt File: /home/jrd81/CPRE_381_Proj02/CPRE3810_Proj02/cpre3810-toolflow/proj/src/Branching/proj2_blt.vhd Line: 11
Info (12021): Found 2 design units, including 1 entities, in source file /home/jrd81/CPRE_381_Proj02/CPRE3810_Proj02/cpre3810-toolflow/proj/src/Branching/proj2_branch.vhd
    Info (12022): Found design unit 1: proj2_branch-mixed File: /home/jrd81/CPRE_381_Proj02/CPRE3810_Proj02/cpre3810-toolflow/proj/src/Branching/proj2_branch.vhd Line: 15
    Info (12023): Found entity 1: proj2_branch File: /home/jrd81/CPRE_381_Proj02/CPRE3810_Proj02/cpre3810-toolflow/proj/src/Branching/proj2_branch.vhd Line: 8
Info (12021): Found 2 design units, including 1 entities, in source file /home/jrd81/CPRE_381_Proj02/CPRE3810_Proj02/cpre3810-toolflow/proj/src/Control/ctrl_decoder.vhd
    Info (12022): Found design unit 1: ctrl_decoder-dataflow File: /home/jrd81/CPRE_381_Proj02/CPRE3810_Proj02/cpre3810-toolflow/proj/src/Control/ctrl_decoder.vhd Line: 28
    Info (12023): Found entity 1: ctrl_decoder File: /home/jrd81/CPRE_381_Proj02/CPRE3810_Proj02/cpre3810-toolflow/proj/src/Control/ctrl_decoder.vhd Line: 5
Info (12021): Found 2 design units, including 1 entities, in source file /home/jrd81/CPRE_381_Proj02/CPRE3810_Proj02/cpre3810-toolflow/proj/src/Extenders/extender_U20b.vhd
    Info (12022): Found design unit 1: extender_20b-dataflow File: /home/jrd81/CPRE_381_Proj02/CPRE3810_Proj02/cpre3810-toolflow/proj/src/Extenders/extender_U20b.vhd Line: 16
    Info (12023): Found entity 1: extender_20b File: /home/jrd81/CPRE_381_Proj02/CPRE3810_Proj02/cpre3810-toolflow/proj/src/Extenders/extender_U20b.vhd Line: 11
Info (12021): Found 2 design units, including 1 entities, in source file /home/jrd81/CPRE_381_Proj02/CPRE3810_Proj02/cpre3810-toolflow/proj/src/Extenders/extenders.vhd
    Info (12022): Found design unit 1: extenders-dataflow File: /home/jrd81/CPRE_381_Proj02/CPRE3810_Proj02/cpre3810-toolflow/proj/src/Extenders/extenders.vhd Line: 15
    Info (12023): Found entity 1: extenders File: /home/jrd81/CPRE_381_Proj02/CPRE3810_Proj02/cpre3810-toolflow/proj/src/Extenders/extenders.vhd Line: 9
Info (12021): Found 2 design units, including 1 entities, in source file /home/jrd81/CPRE_381_Proj02/CPRE3810_Proj02/cpre3810-toolflow/proj/src/Fetch/basic_adder.vhd
    Info (12022): Found design unit 1: basic_adder-structural File: /home/jrd81/CPRE_381_Proj02/CPRE3810_Proj02/cpre3810-toolflow/proj/src/Fetch/basic_adder.vhd Line: 19
    Info (12023): Found entity 1: basic_adder File: /home/jrd81/CPRE_381_Proj02/CPRE3810_Proj02/cpre3810-toolflow/proj/src/Fetch/basic_adder.vhd Line: 10
Info (12021): Found 2 design units, including 1 entities, in source file /home/jrd81/CPRE_381_Proj02/CPRE3810_Proj02/cpre3810-toolflow/proj/src/Fetch/basic_adder_n.vhd
    Info (12022): Found design unit 1: basic_adder_n-structural File: /home/jrd81/CPRE_381_Proj02/CPRE3810_Proj02/cpre3810-toolflow/proj/src/Fetch/basic_adder_n.vhd Line: 21
    Info (12023): Found entity 1: basic_adder_n File: /home/jrd81/CPRE_381_Proj02/CPRE3810_Proj02/cpre3810-toolflow/proj/src/Fetch/basic_adder_n.vhd Line: 8
Info (12021): Found 2 design units, including 1 entities, in source file /home/jrd81/CPRE_381_Proj02/CPRE3810_Proj02/cpre3810-toolflow/proj/src/Fetch/busMux_2t1.vhd
    Info (12022): Found design unit 1: busMux_2t1-dataflow File: /home/jrd81/CPRE_381_Proj02/CPRE3810_Proj02/cpre3810-toolflow/proj/src/Fetch/busMux_2t1.vhd Line: 16
    Info (12023): Found entity 1: busMux_2t1 File: /home/jrd81/CPRE_381_Proj02/CPRE3810_Proj02/cpre3810-toolflow/proj/src/Fetch/busMux_2t1.vhd Line: 9
Info (12021): Found 2 design units, including 1 entities, in source file /home/jrd81/CPRE_381_Proj02/CPRE3810_Proj02/cpre3810-toolflow/proj/src/Fetch/proj1_fetch.vhd
    Info (12022): Found design unit 1: proj1_fetch-structural File: /home/jrd81/CPRE_381_Proj02/CPRE3810_Proj02/cpre3810-toolflow/proj/src/Fetch/proj1_fetch.vhd Line: 25
    Info (12023): Found entity 1: proj1_fetch File: /home/jrd81/CPRE_381_Proj02/CPRE3810_Proj02/cpre3810-toolflow/proj/src/Fetch/proj1_fetch.vhd Line: 13
Info (12021): Found 2 design units, including 1 entities, in source file /home/jrd81/CPRE_381_Proj02/CPRE3810_Proj02/cpre3810-toolflow/proj/src/Imm_Gen/imm_gen.vhd
    Info (12022): Found design unit 1: imm_gen-dataflow File: /home/jrd81/CPRE_381_Proj02/CPRE3810_Proj02/cpre3810-toolflow/proj/src/Imm_Gen/imm_gen.vhd Line: 12
    Info (12023): Found entity 1: imm_gen File: /home/jrd81/CPRE_381_Proj02/CPRE3810_Proj02/cpre3810-toolflow/proj/src/Imm_Gen/imm_gen.vhd Line: 5
Info (12021): Found 2 design units, including 1 entities, in source file /home/jrd81/CPRE_381_Proj02/CPRE3810_Proj02/cpre3810-toolflow/proj/src/Load/proj01_LOAD.vhd
    Info (12022): Found design unit 1: proj01_LOAD-structural File: /home/jrd81/CPRE_381_Proj02/CPRE3810_Proj02/cpre3810-toolflow/proj/src/Load/proj01_LOAD.vhd Line: 16
    Info (12023): Found entity 1: proj01_LOAD File: /home/jrd81/CPRE_381_Proj02/CPRE3810_Proj02/cpre3810-toolflow/proj/src/Load/proj01_LOAD.vhd Line: 9
Info (12021): Found 2 design units, including 1 entities, in source file /home/jrd81/CPRE_381_Proj02/CPRE3810_Proj02/cpre3810-toolflow/proj/src/LogicGates/andg2.vhd
    Info (12022): Found design unit 1: andg2-dataflow File: /home/jrd81/CPRE_381_Proj02/CPRE3810_Proj02/cpre3810-toolflow/proj/src/LogicGates/andg2.vhd Line: 31
    Info (12023): Found entity 1: andg2 File: /home/jrd81/CPRE_381_Proj02/CPRE3810_Proj02/cpre3810-toolflow/proj/src/LogicGates/andg2.vhd Line: 23
Info (12021): Found 2 design units, including 1 entities, in source file /home/jrd81/CPRE_381_Proj02/CPRE3810_Proj02/cpre3810-toolflow/proj/src/LogicGates/andg_6t3.vhd
    Info (12022): Found design unit 1: andg_6t3-structural File: /home/jrd81/CPRE_381_Proj02/CPRE3810_Proj02/cpre3810-toolflow/proj/src/LogicGates/andg_6t3.vhd Line: 17
    Info (12023): Found entity 1: andg_6t3 File: /home/jrd81/CPRE_381_Proj02/CPRE3810_Proj02/cpre3810-toolflow/proj/src/LogicGates/andg_6t3.vhd Line: 11
Info (12021): Found 2 design units, including 1 entities, in source file /home/jrd81/CPRE_381_Proj02/CPRE3810_Proj02/cpre3810-toolflow/proj/src/LogicGates/invg.vhd
    Info (12022): Found design unit 1: invg-dataflow File: /home/jrd81/CPRE_381_Proj02/CPRE3810_Proj02/cpre3810-toolflow/proj/src/LogicGates/invg.vhd Line: 30
    Info (12023): Found entity 1: invg File: /home/jrd81/CPRE_381_Proj02/CPRE3810_Proj02/cpre3810-toolflow/proj/src/LogicGates/invg.vhd Line: 23
Info (12021): Found 2 design units, including 1 entities, in source file /home/jrd81/CPRE_381_Proj02/CPRE3810_Proj02/cpre3810-toolflow/proj/src/LogicGates/mux2t1.vhd
    Info (12022): Found design unit 1: mux2t1-structural File: /home/jrd81/CPRE_381_Proj02/CPRE3810_Proj02/cpre3810-toolflow/proj/src/LogicGates/mux2t1.vhd Line: 23
    Info (12023): Found entity 1: mux2t1 File: /home/jrd81/CPRE_381_Proj02/CPRE3810_Proj02/cpre3810-toolflow/proj/src/LogicGates/mux2t1.vhd Line: 11
Info (12021): Found 2 design units, including 1 entities, in source file /home/jrd81/CPRE_381_Proj02/CPRE3810_Proj02/cpre3810-toolflow/proj/src/LogicGates/mux2t1_N.vhd
    Info (12022): Found design unit 1: mux2t1_N-structural File: /home/jrd81/CPRE_381_Proj02/CPRE3810_Proj02/cpre3810-toolflow/proj/src/LogicGates/mux2t1_N.vhd Line: 30
    Info (12023): Found entity 1: mux2t1_N File: /home/jrd81/CPRE_381_Proj02/CPRE3810_Proj02/cpre3810-toolflow/proj/src/LogicGates/mux2t1_N.vhd Line: 21
Info (12021): Found 2 design units, including 1 entities, in source file /home/jrd81/CPRE_381_Proj02/CPRE3810_Proj02/cpre3810-toolflow/proj/src/LogicGates/mux4t1.vhd
    Info (12022): Found design unit 1: mux4t1-structural File: /home/jrd81/CPRE_381_Proj02/CPRE3810_Proj02/cpre3810-toolflow/proj/src/LogicGates/mux4t1.vhd Line: 19
    Info (12023): Found entity 1: mux4t1 File: /home/jrd81/CPRE_381_Proj02/CPRE3810_Proj02/cpre3810-toolflow/proj/src/LogicGates/mux4t1.vhd Line: 9
Info (12021): Found 2 design units, including 1 entities, in source file /home/jrd81/CPRE_381_Proj02/CPRE3810_Proj02/cpre3810-toolflow/proj/src/LogicGates/org2.vhd
    Info (12022): Found design unit 1: org2-dataflow File: /home/jrd81/CPRE_381_Proj02/CPRE3810_Proj02/cpre3810-toolflow/proj/src/LogicGates/org2.vhd Line: 31
    Info (12023): Found entity 1: org2 File: /home/jrd81/CPRE_381_Proj02/CPRE3810_Proj02/cpre3810-toolflow/proj/src/LogicGates/org2.vhd Line: 23
Info (12021): Found 2 design units, including 1 entities, in source file /home/jrd81/CPRE_381_Proj02/CPRE3810_Proj02/cpre3810-toolflow/proj/src/LogicGates/xorg2.vhd
    Info (12022): Found design unit 1: xorg2-dataflow File: /home/jrd81/CPRE_381_Proj02/CPRE3810_Proj02/cpre3810-toolflow/proj/src/LogicGates/xorg2.vhd Line: 31
    Info (12023): Found entity 1: xorg2 File: /home/jrd81/CPRE_381_Proj02/CPRE3810_Proj02/cpre3810-toolflow/proj/src/LogicGates/xorg2.vhd Line: 23
Info (12021): Found 2 design units, including 1 entities, in source file /home/jrd81/CPRE_381_Proj02/CPRE3810_Proj02/cpre3810-toolflow/proj/src/PipeRegisters/DecodeExecute_Reg.vhd
    Info (12022): Found design unit 1: DecodeExecute_Reg-structural File: /home/jrd81/CPRE_381_Proj02/CPRE3810_Proj02/cpre3810-toolflow/proj/src/PipeRegisters/DecodeExecute_Reg.vhd Line: 47
    Info (12023): Found entity 1: DecodeExecute_Reg File: /home/jrd81/CPRE_381_Proj02/CPRE3810_Proj02/cpre3810-toolflow/proj/src/PipeRegisters/DecodeExecute_Reg.vhd Line: 38
Info (12021): Found 2 design units, including 1 entities, in source file /home/jrd81/CPRE_381_Proj02/CPRE3810_Proj02/cpre3810-toolflow/proj/src/PipeRegisters/ExecuteMemory_Reg.vhd
    Info (12022): Found design unit 1: ExecuteMemory_Reg-structural File: /home/jrd81/CPRE_381_Proj02/CPRE3810_Proj02/cpre3810-toolflow/proj/src/PipeRegisters/ExecuteMemory_Reg.vhd Line: 39
    Info (12023): Found entity 1: ExecuteMemory_Reg File: /home/jrd81/CPRE_381_Proj02/CPRE3810_Proj02/cpre3810-toolflow/proj/src/PipeRegisters/ExecuteMemory_Reg.vhd Line: 30
Info (12021): Found 2 design units, including 1 entities, in source file /home/jrd81/CPRE_381_Proj02/CPRE3810_Proj02/cpre3810-toolflow/proj/src/PipeRegisters/FetchDecode_Reg.vhd
    Info (12022): Found design unit 1: FetchDecode_Reg-structural File: /home/jrd81/CPRE_381_Proj02/CPRE3810_Proj02/cpre3810-toolflow/proj/src/PipeRegisters/FetchDecode_Reg.vhd Line: 23
    Info (12023): Found entity 1: FetchDecode_Reg File: /home/jrd81/CPRE_381_Proj02/CPRE3810_Proj02/cpre3810-toolflow/proj/src/PipeRegisters/FetchDecode_Reg.vhd Line: 14
Info (12021): Found 2 design units, including 1 entities, in source file /home/jrd81/CPRE_381_Proj02/CPRE3810_Proj02/cpre3810-toolflow/proj/src/PipeRegisters/MemoryWriteback_Reg.vhd
    Info (12022): Found design unit 1: MemoryWriteback_Reg-structural File: /home/jrd81/CPRE_381_Proj02/CPRE3810_Proj02/cpre3810-toolflow/proj/src/PipeRegisters/MemoryWriteback_Reg.vhd Line: 39
    Info (12023): Found entity 1: MemoryWriteback_Reg File: /home/jrd81/CPRE_381_Proj02/CPRE3810_Proj02/cpre3810-toolflow/proj/src/PipeRegisters/MemoryWriteback_Reg.vhd Line: 30
Info (12021): Found 1 design units, including 0 entities, in source file /home/jrd81/CPRE_381_Proj02/CPRE3810_Proj02/cpre3810-toolflow/proj/src/RISCV_types.vhd
    Info (12022): Found design unit 1: RISCV_types File: /home/jrd81/CPRE_381_Proj02/CPRE3810_Proj02/cpre3810-toolflow/proj/src/RISCV_types.vhd Line: 15
Info (12021): Found 2 design units, including 1 entities, in source file /home/jrd81/CPRE_381_Proj02/CPRE3810_Proj02/cpre3810-toolflow/proj/src/RegisterFile/decoder_5t32.vhd
    Info (12022): Found design unit 1: decoder_5t32-mixed File: /home/jrd81/CPRE_381_Proj02/CPRE3810_Proj02/cpre3810-toolflow/proj/src/RegisterFile/decoder_5t32.vhd Line: 19
    Info (12023): Found entity 1: decoder_5t32 File: /home/jrd81/CPRE_381_Proj02/CPRE3810_Proj02/cpre3810-toolflow/proj/src/RegisterFile/decoder_5t32.vhd Line: 13
Info (12021): Found 2 design units, including 1 entities, in source file /home/jrd81/CPRE_381_Proj02/CPRE3810_Proj02/cpre3810-toolflow/proj/src/RegisterFile/dffg.vhd
    Info (12022): Found design unit 1: dffg-mixed File: /home/jrd81/CPRE_381_Proj02/CPRE3810_Proj02/cpre3810-toolflow/proj/src/RegisterFile/dffg.vhd Line: 33
    Info (12023): Found entity 1: dffg File: /home/jrd81/CPRE_381_Proj02/CPRE3810_Proj02/cpre3810-toolflow/proj/src/RegisterFile/dffg.vhd Line: 23
Info (12021): Found 2 design units, including 1 entities, in source file /home/jrd81/CPRE_381_Proj02/CPRE3810_Proj02/cpre3810-toolflow/proj/src/RegisterFile/mux_32t1.vhd
    Info (12022): Found design unit 1: mux_32t1-dataflow File: /home/jrd81/CPRE_381_Proj02/CPRE3810_Proj02/cpre3810-toolflow/proj/src/RegisterFile/mux_32t1.vhd Line: 19
    Info (12023): Found entity 1: mux_32t1 File: /home/jrd81/CPRE_381_Proj02/CPRE3810_Proj02/cpre3810-toolflow/proj/src/RegisterFile/mux_32t1.vhd Line: 13
Info (12021): Found 2 design units, including 1 entities, in source file /home/jrd81/CPRE_381_Proj02/CPRE3810_Proj02/cpre3810-toolflow/proj/src/RegisterFile/reg_file.vhd
    Info (12022): Found design unit 1: reg_file-structural File: /home/jrd81/CPRE_381_Proj02/CPRE3810_Proj02/cpre3810-toolflow/proj/src/RegisterFile/reg_file.vhd Line: 24
    Info (12023): Found entity 1: reg_file File: /home/jrd81/CPRE_381_Proj02/CPRE3810_Proj02/cpre3810-toolflow/proj/src/RegisterFile/reg_file.vhd Line: 11
Info (12021): Found 2 design units, including 1 entities, in source file /home/jrd81/CPRE_381_Proj02/CPRE3810_Proj02/cpre3810-toolflow/proj/src/RegisterFile/reg_n.vhd
    Info (12022): Found design unit 1: reg_n-structural File: /home/jrd81/CPRE_381_Proj02/CPRE3810_Proj02/cpre3810-toolflow/proj/src/RegisterFile/reg_n.vhd Line: 27
    Info (12023): Found entity 1: reg_n File: /home/jrd81/CPRE_381_Proj02/CPRE3810_Proj02/cpre3810-toolflow/proj/src/RegisterFile/reg_n.vhd Line: 18
Info (12021): Found 2 design units, including 1 entities, in source file /home/jrd81/CPRE_381_Proj02/CPRE3810_Proj02/cpre3810-toolflow/proj/src/TopLevel/RISCV_Processor.vhd
    Info (12022): Found design unit 1: RISCV_Processor-structure File: /home/jrd81/CPRE_381_Proj02/CPRE3810_Proj02/cpre3810-toolflow/proj/src/TopLevel/RISCV_Processor.vhd Line: 38
    Info (12023): Found entity 1: RISCV_Processor File: /home/jrd81/CPRE_381_Proj02/CPRE3810_Proj02/cpre3810-toolflow/proj/src/TopLevel/RISCV_Processor.vhd Line: 26
Info (12021): Found 2 design units, including 1 entities, in source file /home/jrd81/CPRE_381_Proj02/CPRE3810_Proj02/cpre3810-toolflow/proj/src/TopLevel/mem.vhd
    Info (12022): Found design unit 1: mem-rtl File: /home/jrd81/CPRE_381_Proj02/CPRE3810_Proj02/cpre3810-toolflow/proj/src/TopLevel/mem.vhd Line: 27
    Info (12023): Found entity 1: mem File: /home/jrd81/CPRE_381_Proj02/CPRE3810_Proj02/cpre3810-toolflow/proj/src/TopLevel/mem.vhd Line: 8
Info (12127): Elaborating entity "RISCV_Processor" for the top level hierarchy
Warning (10036): Verilog HDL or VHDL warning at RISCV_Processor.vhd(60): object "s_Ovfl" assigned a value but never read File: /home/jrd81/CPRE_381_Proj02/CPRE3810_Proj02/cpre3810-toolflow/proj/src/TopLevel/RISCV_Processor.vhd Line: 60
Info (12128): Elaborating entity "mem" for hierarchy "mem:IMem" File: /home/jrd81/CPRE_381_Proj02/CPRE3810_Proj02/cpre3810-toolflow/proj/src/TopLevel/RISCV_Processor.vhd Line: 329
Info (12128): Elaborating entity "proj1_fetch" for hierarchy "proj1_fetch:IFetch" File: /home/jrd81/CPRE_381_Proj02/CPRE3810_Proj02/cpre3810-toolflow/proj/src/TopLevel/RISCV_Processor.vhd Line: 338
Info (12128): Elaborating entity "busMux_4t1" for hierarchy "proj1_fetch:IFetch|busMux_4t1:INST_BUSMUX_1" File: /home/jrd81/CPRE_381_Proj02/CPRE3810_Proj02/cpre3810-toolflow/proj/src/Fetch/proj1_fetch.vhd Line: 103
Info (12128): Elaborating entity "busMux_2t1" for hierarchy "proj1_fetch:IFetch|busMux_4t1:INST_BUSMUX_1|busMux_2t1:INST_BUSMUX_00" File: /home/jrd81/CPRE_381_Proj02/CPRE3810_Proj02/cpre3810-toolflow/proj/src/ALU/busMux_4t1.vhd Line: 37
Info (12128): Elaborating entity "reg_n" for hierarchy "proj1_fetch:IFetch|reg_n:INST_REG_N" File: /home/jrd81/CPRE_381_Proj02/CPRE3810_Proj02/cpre3810-toolflow/proj/src/Fetch/proj1_fetch.vhd Line: 121
Info (12128): Elaborating entity "dffg" for hierarchy "proj1_fetch:IFetch|reg_n:INST_REG_N|dffg:\G_nBit_Reg:0:RegI" File: /home/jrd81/CPRE_381_Proj02/CPRE3810_Proj02/cpre3810-toolflow/proj/src/RegisterFile/reg_n.vhd Line: 45
Info (12128): Elaborating entity "basic_adder_n" for hierarchy "proj1_fetch:IFetch|basic_adder_n:INST_ADDER_N_4" File: /home/jrd81/CPRE_381_Proj02/CPRE3810_Proj02/cpre3810-toolflow/proj/src/Fetch/proj1_fetch.vhd Line: 131
Info (12128): Elaborating entity "basic_adder" for hierarchy "proj1_fetch:IFetch|basic_adder_n:INST_ADDER_N_4|basic_adder:\G_NBit_Basic_Adder:0:ADDERI" File: /home/jrd81/CPRE_381_Proj02/CPRE3810_Proj02/cpre3810-toolflow/proj/src/Fetch/basic_adder_n.vhd Line: 45
Info (12128): Elaborating entity "andg2" for hierarchy "proj1_fetch:IFetch|basic_adder_n:INST_ADDER_N_4|basic_adder:\G_NBit_Basic_Adder:0:ADDERI|andg2:g_and0" File: /home/jrd81/CPRE_381_Proj02/CPRE3810_Proj02/cpre3810-toolflow/proj/src/Fetch/basic_adder.vhd Line: 57
Info (12128): Elaborating entity "xorg2" for hierarchy "proj1_fetch:IFetch|basic_adder_n:INST_ADDER_N_4|basic_adder:\G_NBit_Basic_Adder:0:ADDERI|xorg2:g_xor0" File: /home/jrd81/CPRE_381_Proj02/CPRE3810_Proj02/cpre3810-toolflow/proj/src/Fetch/basic_adder.vhd Line: 63
Info (12128): Elaborating entity "org2" for hierarchy "proj1_fetch:IFetch|basic_adder_n:INST_ADDER_N_4|basic_adder:\G_NBit_Basic_Adder:0:ADDERI|org2:g_or0" File: /home/jrd81/CPRE_381_Proj02/CPRE3810_Proj02/cpre3810-toolflow/proj/src/Fetch/basic_adder.vhd Line: 76
Info (12128): Elaborating entity "FetchDecode_Reg" for hierarchy "FetchDecode_Reg:Fetch_To_Decode_Reg" File: /home/jrd81/CPRE_381_Proj02/CPRE3810_Proj02/cpre3810-toolflow/proj/src/TopLevel/RISCV_Processor.vhd Line: 352
Info (12128): Elaborating entity "ctrl_decoder" for hierarchy "ctrl_decoder:CDec" File: /home/jrd81/CPRE_381_Proj02/CPRE3810_Proj02/cpre3810-toolflow/proj/src/TopLevel/RISCV_Processor.vhd Line: 366
Warning (10036): Verilog HDL or VHDL warning at ctrl_decoder.vhd(32): object "funct7" assigned a value but never read File: /home/jrd81/CPRE_381_Proj02/CPRE3810_Proj02/cpre3810-toolflow/proj/src/Control/ctrl_decoder.vhd Line: 32
Info (12128): Elaborating entity "reg_file" for hierarchy "reg_file:Rfile" File: /home/jrd81/CPRE_381_Proj02/CPRE3810_Proj02/cpre3810-toolflow/proj/src/TopLevel/RISCV_Processor.vhd Line: 384
Info (12128): Elaborating entity "decoder_5t32" for hierarchy "reg_file:Rfile|decoder_5t32:INST_DECODER" File: /home/jrd81/CPRE_381_Proj02/CPRE3810_Proj02/cpre3810-toolflow/proj/src/RegisterFile/reg_file.vhd Line: 55
Info (12128): Elaborating entity "mux_32t1" for hierarchy "reg_file:Rfile|mux_32t1:INST_MUX_1" File: /home/jrd81/CPRE_381_Proj02/CPRE3810_Proj02/cpre3810-toolflow/proj/src/RegisterFile/reg_file.vhd Line: 94
Info (12128): Elaborating entity "imm_gen" for hierarchy "imm_gen:Imm0" File: /home/jrd81/CPRE_381_Proj02/CPRE3810_Proj02/cpre3810-toolflow/proj/src/TopLevel/RISCV_Processor.vhd Line: 397
Info (12128): Elaborating entity "mux2t1_N" for hierarchy "mux2t1_N:Mux_ALUSrc" File: /home/jrd81/CPRE_381_Proj02/CPRE3810_Proj02/cpre3810-toolflow/proj/src/TopLevel/RISCV_Processor.vhd Line: 404
Info (12128): Elaborating entity "mux2t1" for hierarchy "mux2t1_N:Mux_ALUSrc|mux2t1:\G_NBit_MUX:0:MUXI" File: /home/jrd81/CPRE_381_Proj02/CPRE3810_Proj02/cpre3810-toolflow/proj/src/LogicGates/mux2t1_N.vhd Line: 43
Info (12128): Elaborating entity "invg" for hierarchy "mux2t1_N:Mux_ALUSrc|mux2t1:\G_NBit_MUX:0:MUXI|invg:g_not" File: /home/jrd81/CPRE_381_Proj02/CPRE3810_Proj02/cpre3810-toolflow/proj/src/LogicGates/mux2t1.vhd Line: 61
Info (12128): Elaborating entity "proj2_branch" for hierarchy "proj2_branch:INST_BRANCHING" File: /home/jrd81/CPRE_381_Proj02/CPRE3810_Proj02/cpre3810-toolflow/proj/src/TopLevel/RISCV_Processor.vhd Line: 413
Info (12128): Elaborating entity "proj2_blt" for hierarchy "proj2_branch:INST_BRANCHING|proj2_blt:INST_BLT" File: /home/jrd81/CPRE_381_Proj02/CPRE3810_Proj02/cpre3810-toolflow/proj/src/Branching/proj2_branch.vhd Line: 69
Info (12128): Elaborating entity "comparator_n" for hierarchy "proj2_branch:INST_BRANCHING|proj2_blt:INST_BLT|comparator_n:INST_32_Compare" File: /home/jrd81/CPRE_381_Proj02/CPRE3810_Proj02/cpre3810-toolflow/proj/src/Branching/proj2_blt.vhd Line: 121
Info (12128): Elaborating entity "comparator" for hierarchy "proj2_branch:INST_BRANCHING|proj2_blt:INST_BLT|comparator_n:INST_32_Compare|comparator:\G_nBit_Comparator:0:CompI" File: /home/jrd81/CPRE_381_Proj02/CPRE3810_Proj02/cpre3810-toolflow/proj/src/Branching/comparator_n.vhd Line: 30
Info (12128): Elaborating entity "blt_combine_n" for hierarchy "proj2_branch:INST_BRANCHING|proj2_blt:INST_BLT|blt_combine_n:INST_16_Combine" File: /home/jrd81/CPRE_381_Proj02/CPRE3810_Proj02/cpre3810-toolflow/proj/src/Branching/proj2_blt.vhd Line: 143
Info (12128): Elaborating entity "blt_combine" for hierarchy "proj2_branch:INST_BRANCHING|proj2_blt:INST_BLT|blt_combine_n:INST_16_Combine|blt_combine:\G_nBit_Combine:0:CombineI" File: /home/jrd81/CPRE_381_Proj02/CPRE3810_Proj02/cpre3810-toolflow/proj/src/Branching/blt_combine_n.vhd Line: 40
Info (12128): Elaborating entity "blt_combine_n" for hierarchy "proj2_branch:INST_BRANCHING|proj2_blt:INST_BLT|blt_combine_n:INST_8_Combine" File: /home/jrd81/CPRE_381_Proj02/CPRE3810_Proj02/cpre3810-toolflow/proj/src/Branching/proj2_blt.vhd Line: 167
Info (12128): Elaborating entity "blt_combine_n" for hierarchy "proj2_branch:INST_BRANCHING|proj2_blt:INST_BLT|blt_combine_n:INST_4_Combine" File: /home/jrd81/CPRE_381_Proj02/CPRE3810_Proj02/cpre3810-toolflow/proj/src/Branching/proj2_blt.vhd Line: 191
Info (12128): Elaborating entity "blt_combine_n" for hierarchy "proj2_branch:INST_BRANCHING|proj2_blt:INST_BLT|blt_combine_n:INST_2_Combine" File: /home/jrd81/CPRE_381_Proj02/CPRE3810_Proj02/cpre3810-toolflow/proj/src/Branching/proj2_blt.vhd Line: 215
Info (12128): Elaborating entity "blt_combine_n" for hierarchy "proj2_branch:INST_BRANCHING|proj2_blt:INST_BLT|blt_combine_n:INST_1_Combine" File: /home/jrd81/CPRE_381_Proj02/CPRE3810_Proj02/cpre3810-toolflow/proj/src/Branching/proj2_blt.vhd Line: 234
Info (12128): Elaborating entity "mux4t1" for hierarchy "proj2_branch:INST_BRANCHING|mux4t1:ISNT_OUTPUT_MUX" File: /home/jrd81/CPRE_381_Proj02/CPRE3810_Proj02/cpre3810-toolflow/proj/src/Branching/proj2_branch.vhd Line: 106
Info (12128): Elaborating entity "addSub" for hierarchy "addSub:DtoF_pcPLUSimm" File: /home/jrd81/CPRE_381_Proj02/CPRE3810_Proj02/cpre3810-toolflow/proj/src/TopLevel/RISCV_Processor.vhd Line: 420
Info (12128): Elaborating entity "ones_comp_N" for hierarchy "addSub:DtoF_pcPLUSimm|ones_comp_N:INST_ONES_COMP" File: /home/jrd81/CPRE_381_Proj02/CPRE3810_Proj02/cpre3810-toolflow/proj/src/ALU/addSub.vhd Line: 53
Info (12128): Elaborating entity "DecodeExecute_Reg" for hierarchy "DecodeExecute_Reg:Decode_To_Execute_Reg" File: /home/jrd81/CPRE_381_Proj02/CPRE3810_Proj02/cpre3810-toolflow/proj/src/TopLevel/RISCV_Processor.vhd Line: 446
Info (12128): Elaborating entity "proj02_ALU" for hierarchy "proj02_ALU:ALU0" File: /home/jrd81/CPRE_381_Proj02/CPRE3810_Proj02/cpre3810-toolflow/proj/src/TopLevel/RISCV_Processor.vhd Line: 478
Warning (10036): Verilog HDL or VHDL warning at proj02_ALU.vhd(26): object "s_funct3_fix" assigned a value but never read File: /home/jrd81/CPRE_381_Proj02/CPRE3810_Proj02/cpre3810-toolflow/proj/src/ALU/proj02_ALU.vhd Line: 26
Info (12128): Elaborating entity "and_ALU" for hierarchy "proj02_ALU:ALU0|and_ALU:INST_AND" File: /home/jrd81/CPRE_381_Proj02/CPRE3810_Proj02/cpre3810-toolflow/proj/src/ALU/proj02_ALU.vhd Line: 178
Info (12128): Elaborating entity "and_N" for hierarchy "proj02_ALU:ALU0|and_ALU:INST_AND|and_N:INST_AND_N" File: /home/jrd81/CPRE_381_Proj02/CPRE3810_Proj02/cpre3810-toolflow/proj/src/ALU/and_ALU.vhd Line: 28
Info (12128): Elaborating entity "xor_ALU" for hierarchy "proj02_ALU:ALU0|xor_ALU:INST_XOR" File: /home/jrd81/CPRE_381_Proj02/CPRE3810_Proj02/cpre3810-toolflow/proj/src/ALU/proj02_ALU.vhd Line: 184
Info (12128): Elaborating entity "xor_N" for hierarchy "proj02_ALU:ALU0|xor_ALU:INST_XOR|xor_N:INST_XOR_N" File: /home/jrd81/CPRE_381_Proj02/CPRE3810_Proj02/cpre3810-toolflow/proj/src/ALU/xor_ALU.vhd Line: 28
Info (12128): Elaborating entity "or_ALU" for hierarchy "proj02_ALU:ALU0|or_ALU:INST_OR" File: /home/jrd81/CPRE_381_Proj02/CPRE3810_Proj02/cpre3810-toolflow/proj/src/ALU/proj02_ALU.vhd Line: 190
Info (12128): Elaborating entity "or_N" for hierarchy "proj02_ALU:ALU0|or_ALU:INST_OR|or_N:INST_OR_N" File: /home/jrd81/CPRE_381_Proj02/CPRE3810_Proj02/cpre3810-toolflow/proj/src/ALU/or_ALU.vhd Line: 28
Info (12128): Elaborating entity "shifter" for hierarchy "proj02_ALU:ALU0|shifter:INST_SHIFT" File: /home/jrd81/CPRE_381_Proj02/CPRE3810_Proj02/cpre3810-toolflow/proj/src/ALU/proj02_ALU.vhd Line: 207
Info (12128): Elaborating entity "addSub_BRANCH" for hierarchy "proj02_ALU:ALU0|addSub_BRANCH:INST_ADDSUB" File: /home/jrd81/CPRE_381_Proj02/CPRE3810_Proj02/cpre3810-toolflow/proj/src/ALU/proj02_ALU.vhd Line: 215
Info (12128): Elaborating entity "basic_adder_n_BRANCH" for hierarchy "proj02_ALU:ALU0|addSub_BRANCH:INST_ADDSUB|basic_adder_n_BRANCH:INST_ADDER" File: /home/jrd81/CPRE_381_Proj02/CPRE3810_Proj02/cpre3810-toolflow/proj/src/ALU/addSub_BRANCH.vhd Line: 71
Info (12128): Elaborating entity "proj01_SLT" for hierarchy "proj02_ALU:ALU0|proj01_SLT:INST_SLT" File: /home/jrd81/CPRE_381_Proj02/CPRE3810_Proj02/cpre3810-toolflow/proj/src/ALU/proj02_ALU.vhd Line: 223
Info (12128): Elaborating entity "busMux_8t1" for hierarchy "proj02_ALU:ALU0|busMux_8t1:INST_BUSMUX_8t1" File: /home/jrd81/CPRE_381_Proj02/CPRE3810_Proj02/cpre3810-toolflow/proj/src/ALU/proj02_ALU.vhd Line: 246
Info (12128): Elaborating entity "ExecuteMemory_Reg" for hierarchy "ExecuteMemory_Reg:Execute_To_Memory_Reg" File: /home/jrd81/CPRE_381_Proj02/CPRE3810_Proj02/cpre3810-toolflow/proj/src/TopLevel/RISCV_Processor.vhd Line: 512
Info (12128): Elaborating entity "proj01_LOAD" for hierarchy "proj01_LOAD:LOAD0" File: /home/jrd81/CPRE_381_Proj02/CPRE3810_Proj02/cpre3810-toolflow/proj/src/TopLevel/RISCV_Processor.vhd Line: 540
Info (12128): Elaborating entity "MemoryWriteback_Reg" for hierarchy "MemoryWriteback_Reg:Memory_To_WriteBack_Reg" File: /home/jrd81/CPRE_381_Proj02/CPRE3810_Proj02/cpre3810-toolflow/proj/src/TopLevel/RISCV_Processor.vhd Line: 551
Warning (276027): Inferred dual-clock RAM node "mem:IMem|ram_rtl_0" from synchronous design logic.  The read-during-write behavior of a dual-clock RAM is undefined and may not match the behavior of the original design.
Info (276014): Found 1 instances of uninferred RAM logic
    Info (276007): RAM logic "mem:DMem|ram" is uninferred due to asynchronous read logic File: /home/jrd81/CPRE_381_Proj02/CPRE3810_Proj02/cpre3810-toolflow/proj/src/TopLevel/mem.vhd Line: 35
Info (19000): Inferred 1 megafunctions from design logic
    Info (276029): Inferred altsyncram megafunction from the following design logic: "mem:IMem|ram_rtl_0" 
        Info (286033): Parameter OPERATION_MODE set to DUAL_PORT
        Info (286033): Parameter WIDTH_A set to 32
        Info (286033): Parameter WIDTHAD_A set to 10
        Info (286033): Parameter NUMWORDS_A set to 1024
        Info (286033): Parameter WIDTH_B set to 32
        Info (286033): Parameter WIDTHAD_B set to 10
        Info (286033): Parameter NUMWORDS_B set to 1024
        Info (286033): Parameter ADDRESS_ACLR_A set to NONE
        Info (286033): Parameter OUTDATA_REG_B set to UNREGISTERED
        Info (286033): Parameter ADDRESS_ACLR_B set to NONE
        Info (286033): Parameter OUTDATA_ACLR_B set to NONE
        Info (286033): Parameter ADDRESS_REG_B set to CLOCK1
        Info (286033): Parameter INDATA_ACLR_A set to NONE
        Info (286033): Parameter WRCONTROL_ACLR_A set to NONE
Info (12130): Elaborated megafunction instantiation "mem:IMem|altsyncram:ram_rtl_0"
Info (12133): Instantiated megafunction "mem:IMem|altsyncram:ram_rtl_0" with the following parameter:
    Info (12134): Parameter "OPERATION_MODE" = "DUAL_PORT"
    Info (12134): Parameter "WIDTH_A" = "32"
    Info (12134): Parameter "WIDTHAD_A" = "10"
    Info (12134): Parameter "NUMWORDS_A" = "1024"
    Info (12134): Parameter "WIDTH_B" = "32"
    Info (12134): Parameter "WIDTHAD_B" = "10"
    Info (12134): Parameter "NUMWORDS_B" = "1024"
    Info (12134): Parameter "ADDRESS_ACLR_A" = "NONE"
    Info (12134): Parameter "OUTDATA_REG_B" = "UNREGISTERED"
    Info (12134): Parameter "ADDRESS_ACLR_B" = "NONE"
    Info (12134): Parameter "OUTDATA_ACLR_B" = "NONE"
    Info (12134): Parameter "ADDRESS_REG_B" = "CLOCK1"
    Info (12134): Parameter "INDATA_ACLR_A" = "NONE"
    Info (12134): Parameter "WRCONTROL_ACLR_A" = "NONE"
Info (12021): Found 1 design units, including 1 entities, in source file db/altsyncram_02e1.tdf
    Info (12023): Found entity 1: altsyncram_02e1 File: /home/jrd81/CPRE_381_Proj02/CPRE3810_Proj02/cpre3810-toolflow/internal/QuartusWork/db/altsyncram_02e1.tdf Line: 28
Info (286030): Timing-Driven Synthesis is running
Info (16010): Generating hard_block partition "hard_block:auto_generated_inst"
    Info (16011): Adding 0 node(s), including 0 DDIO, 0 PLL, 0 transceiver and 0 LCELL
Warning (21074): Design contains 22 input pin(s) that do not drive logic
    Warning (15610): No output dependent on input pin "iInstAddr[0]" File: /home/jrd81/CPRE_381_Proj02/CPRE3810_Proj02/cpre3810-toolflow/proj/src/TopLevel/RISCV_Processor.vhd Line: 31
    Warning (15610): No output dependent on input pin "iInstAddr[1]" File: /home/jrd81/CPRE_381_Proj02/CPRE3810_Proj02/cpre3810-toolflow/proj/src/TopLevel/RISCV_Processor.vhd Line: 31
    Warning (15610): No output dependent on input pin "iInstAddr[12]" File: /home/jrd81/CPRE_381_Proj02/CPRE3810_Proj02/cpre3810-toolflow/proj/src/TopLevel/RISCV_Processor.vhd Line: 31
    Warning (15610): No output dependent on input pin "iInstAddr[13]" File: /home/jrd81/CPRE_381_Proj02/CPRE3810_Proj02/cpre3810-toolflow/proj/src/TopLevel/RISCV_Processor.vhd Line: 31
    Warning (15610): No output dependent on input pin "iInstAddr[14]" File: /home/jrd81/CPRE_381_Proj02/CPRE3810_Proj02/cpre3810-toolflow/proj/src/TopLevel/RISCV_Processor.vhd Line: 31
    Warning (15610): No output dependent on input pin "iInstAddr[15]" File: /home/jrd81/CPRE_381_Proj02/CPRE3810_Proj02/cpre3810-toolflow/proj/src/TopLevel/RISCV_Processor.vhd Line: 31
    Warning (15610): No output dependent on input pin "iInstAddr[16]" File: /home/jrd81/CPRE_381_Proj02/CPRE3810_Proj02/cpre3810-toolflow/proj/src/TopLevel/RISCV_Processor.vhd Line: 31
    Warning (15610): No output dependent on input pin "iInstAddr[17]" File: /home/jrd81/CPRE_381_Proj02/CPRE3810_Proj02/cpre3810-toolflow/proj/src/TopLevel/RISCV_Processor.vhd Line: 31
    Warning (15610): No output dependent on input pin "iInstAddr[18]" File: /home/jrd81/CPRE_381_Proj02/CPRE3810_Proj02/cpre3810-toolflow/proj/src/TopLevel/RISCV_Processor.vhd Line: 31
    Warning (15610): No output dependent on input pin "iInstAddr[19]" File: /home/jrd81/CPRE_381_Proj02/CPRE3810_Proj02/cpre3810-toolflow/proj/src/TopLevel/RISCV_Processor.vhd Line: 31
    Warning (15610): No output dependent on input pin "iInstAddr[20]" File: /home/jrd81/CPRE_381_Proj02/CPRE3810_Proj02/cpre3810-toolflow/proj/src/TopLevel/RISCV_Processor.vhd Line: 31
    Warning (15610): No output dependent on input pin "iInstAddr[21]" File: /home/jrd81/CPRE_381_Proj02/CPRE3810_Proj02/cpre3810-toolflow/proj/src/TopLevel/RISCV_Processor.vhd Line: 31
    Warning (15610): No output dependent on input pin "iInstAddr[22]" File: /home/jrd81/CPRE_381_Proj02/CPRE3810_Proj02/cpre3810-toolflow/proj/src/TopLevel/RISCV_Processor.vhd Line: 31
    Warning (15610): No output dependent on input pin "iInstAddr[23]" File: /home/jrd81/CPRE_381_Proj02/CPRE3810_Proj02/cpre3810-toolflow/proj/src/TopLevel/RISCV_Processor.vhd Line: 31
    Warning (15610): No output dependent on input pin "iInstAddr[24]" File: /home/jrd81/CPRE_381_Proj02/CPRE3810_Proj02/cpre3810-toolflow/proj/src/TopLevel/RISCV_Processor.vhd Line: 31
    Warning (15610): No output dependent on input pin "iInstAddr[25]" File: /home/jrd81/CPRE_381_Proj02/CPRE3810_Proj02/cpre3810-toolflow/proj/src/TopLevel/RISCV_Processor.vhd Line: 31
    Warning (15610): No output dependent on input pin "iInstAddr[26]" File: /home/jrd81/CPRE_381_Proj02/CPRE3810_Proj02/cpre3810-toolflow/proj/src/TopLevel/RISCV_Processor.vhd Line: 31
    Warning (15610): No output dependent on input pin "iInstAddr[27]" File: /home/jrd81/CPRE_381_Proj02/CPRE3810_Proj02/cpre3810-toolflow/proj/src/TopLevel/RISCV_Processor.vhd Line: 31
    Warning (15610): No output dependent on input pin "iInstAddr[28]" File: /home/jrd81/CPRE_381_Proj02/CPRE3810_Proj02/cpre3810-toolflow/proj/src/TopLevel/RISCV_Processor.vhd Line: 31
    Warning (15610): No output dependent on input pin "iInstAddr[29]" File: /home/jrd81/CPRE_381_Proj02/CPRE3810_Proj02/cpre3810-toolflow/proj/src/TopLevel/RISCV_Processor.vhd Line: 31
    Warning (15610): No output dependent on input pin "iInstAddr[30]" File: /home/jrd81/CPRE_381_Proj02/CPRE3810_Proj02/cpre3810-toolflow/proj/src/TopLevel/RISCV_Processor.vhd Line: 31
    Warning (15610): No output dependent on input pin "iInstAddr[31]" File: /home/jrd81/CPRE_381_Proj02/CPRE3810_Proj02/cpre3810-toolflow/proj/src/TopLevel/RISCV_Processor.vhd Line: 31
Info (21057): Implemented 59428 device resources after synthesis - the final resource count might be different
    Info (21058): Implemented 67 input pins
    Info (21059): Implemented 32 output pins
    Info (21061): Implemented 59297 logic cells
    Info (21064): Implemented 32 RAM segments
Info: Quartus Prime Analysis & Synthesis was successful. 0 errors, 28 warnings
    Info: Peak virtual memory: 1003 megabytes
    Info: Processing ended: Fri Apr 17 10:17:53 2026
    Info: Elapsed time: 00:00:58
    Info: Total CPU time (on all processors): 00:01:03
Info: *******************************************************************
Info: Running Quartus Prime Fitter
    Info: Version 20.1.1 Build 720 11/11/2020 SJ Standard Edition
    Info: Copyright (C) 2020  Intel Corporation. All rights reserved.
    Info: Your use of Intel Corporation's design tools, logic functions 
    Info: and other software and tools, and any partner logic 
    Info: functions, and any output files from any of the foregoing 
    Info: (including device programming or simulation files), and any 
    Info: associated documentation or information are expressly subject 
    Info: to the terms and conditions of the Intel Program License 
    Info: Subscription Agreement, the Intel Quartus Prime License Agreement,
    Info: the Intel FPGA IP License Agreement, or other applicable license
    Info: agreement, including, without limitation, that your use is for
    Info: the sole purpose of programming logic devices manufactured by
    Info: Intel and sold by Intel or its authorized distributors.  Please
    Info: refer to the applicable agreement for further details, at
    Info: https://fpgasoftware.intel.com/eula.
    Info: Processing started: Fri Apr 17 10:17:54 2026
Info: Command: quartus_fit --read_settings_files=on --write_settings_files=off toolflow -c toolflow
Info: qfit2_default_script.tcl version: #1
Info: Project  = toolflow
Info: Revision = toolflow
Warning (18236): Number of processors has not been specified which may cause overloading on shared machines.  Set the global assignment NUM_PARALLEL_PROCESSORS in your QSF to an appropriate value for best performance.
Info (20030): Parallel compilation is enabled and will use 12 of the 12 processors detected
Info (119006): Selected device EP4CE115F29C7 for design "toolflow"
Info (21076): High junction temperature operating condition is not set. Assuming a default value of '85'.
Info (21076): Low junction temperature operating condition is not set. Assuming a default value of '0'.
Info (171003): Fitter is performing an Auto Fit compilation, which may decrease Fitter effort to reduce compilation time
Info (176444): Device migration not selected. If you intend to use device migration later, you may need to change the pin assignments as they may be incompatible with other devices
    Info (176445): Device EP4CE40F29C7 is compatible
    Info (176445): Device EP4CE40F29I7 is compatible
    Info (176445): Device EP4CE30F29C7 is compatible
    Info (176445): Device EP4CE30F29I7 is compatible
    Info (176445): Device EP4CE55F29C7 is compatible
    Info (176445): Device EP4CE55F29I7 is compatible
    Info (176445): Device EP4CE75F29C7 is compatible
    Info (176445): Device EP4CE75F29I7 is compatible
    Info (176445): Device EP4CE115F29I7 is compatible
Info (169124): Fitter converted 5 user pins into dedicated programming pins
    Info (169125): Pin ~ALTERA_ASDO_DATA1~ is reserved at location F4
    Info (169125): Pin ~ALTERA_FLASH_nCE_nCSO~ is reserved at location E2
    Info (169125): Pin ~ALTERA_DCLK~ is reserved at location P3
    Info (169125): Pin ~ALTERA_DATA0~ is reserved at location N7
    Info (169125): Pin ~ALTERA_nCEO~ is reserved at location P28
Warning (15714): Some pins have incomplete I/O assignments. Refer to the I/O Assignment Warnings report for details
Info (176045): Design uses memory blocks. Violating setup or hold times of memory block address registers for either read or write operations could cause memory contents to be corrupted. Make sure that all memory block address registers meet the setup and hold time requirements.
Critical Warning (169085): No exact pin location assignment(s) for 99 pins of 99 total pins. For the list of pins please refer to the I/O Assignment Warnings table in the fitter report.
Info (332104): Reading SDC File: 'toolflow.sdc'
Info (332129): Detected timing requirements -- optimizing circuit to achieve only the specified requirements
Info (332111): Found 1 clocks
    Info (332111):   Period   Clock Name
    Info (332111): ======== ============
    Info (332111):   20.000         iCLK
Info (176353): Automatically promoted node iCLK~input (placed in PIN J1 (CLK1, DIFFCLK_0n)) File: /home/jrd81/CPRE_381_Proj02/CPRE3810_Proj02/cpre3810-toolflow/proj/src/TopLevel/RISCV_Processor.vhd Line: 28
    Info (176355): Automatically promoted destinations to use location or clock signal Global Clock CLKCTRL_G2
Info (176353): Automatically promoted node iRST~input (placed in PIN Y2 (CLK2, DIFFCLK_1p)) File: /home/jrd81/CPRE_381_Proj02/CPRE3810_Proj02/cpre3810-toolflow/proj/src/TopLevel/RISCV_Processor.vhd Line: 29
    Info (176355): Automatically promoted destinations to use location or clock signal Global Clock CLKCTRL_G4
    Info (176356): Following destination nodes may be non-global or may not use global or regional clocks
        Info (176357): Destination node proj1_fetch:IFetch|reg_n:INST_REG_N|dffg:\G_nBit_Reg:0:RegI|s_Q File: /home/jrd81/CPRE_381_Proj02/CPRE3810_Proj02/cpre3810-toolflow/proj/src/RegisterFile/dffg.vhd Line: 53
        Info (176357): Destination node proj1_fetch:IFetch|reg_n:INST_REG_N|dffg:\G_nBit_Reg:2:RegI|s_Q File: /home/jrd81/CPRE_381_Proj02/CPRE3810_Proj02/cpre3810-toolflow/proj/src/RegisterFile/dffg.vhd Line: 53
        Info (176357): Destination node proj1_fetch:IFetch|reg_n:INST_REG_N|dffg:\G_nBit_Reg:3:RegI|s_Q File: /home/jrd81/CPRE_381_Proj02/CPRE3810_Proj02/cpre3810-toolflow/proj/src/RegisterFile/dffg.vhd Line: 53
        Info (176357): Destination node proj1_fetch:IFetch|reg_n:INST_REG_N|dffg:\G_nBit_Reg:4:RegI|s_Q File: /home/jrd81/CPRE_381_Proj02/CPRE3810_Proj02/cpre3810-toolflow/proj/src/RegisterFile/dffg.vhd Line: 53
        Info (176357): Destination node proj1_fetch:IFetch|reg_n:INST_REG_N|dffg:\G_nBit_Reg:5:RegI|s_Q File: /home/jrd81/CPRE_381_Proj02/CPRE3810_Proj02/cpre3810-toolflow/proj/src/RegisterFile/dffg.vhd Line: 53
        Info (176357): Destination node proj1_fetch:IFetch|reg_n:INST_REG_N|dffg:\G_nBit_Reg:6:RegI|s_Q File: /home/jrd81/CPRE_381_Proj02/CPRE3810_Proj02/cpre3810-toolflow/proj/src/RegisterFile/dffg.vhd Line: 53
        Info (176357): Destination node proj1_fetch:IFetch|reg_n:INST_REG_N|dffg:\G_nBit_Reg:7:RegI|s_Q File: /home/jrd81/CPRE_381_Proj02/CPRE3810_Proj02/cpre3810-toolflow/proj/src/RegisterFile/dffg.vhd Line: 53
        Info (176357): Destination node proj1_fetch:IFetch|reg_n:INST_REG_N|dffg:\G_nBit_Reg:8:RegI|s_Q File: /home/jrd81/CPRE_381_Proj02/CPRE3810_Proj02/cpre3810-toolflow/proj/src/RegisterFile/dffg.vhd Line: 53
        Info (176357): Destination node proj1_fetch:IFetch|reg_n:INST_REG_N|dffg:\G_nBit_Reg:9:RegI|s_Q File: /home/jrd81/CPRE_381_Proj02/CPRE3810_Proj02/cpre3810-toolflow/proj/src/RegisterFile/dffg.vhd Line: 53
        Info (176357): Destination node proj1_fetch:IFetch|reg_n:INST_REG_N|dffg:\G_nBit_Reg:10:RegI|s_Q File: /home/jrd81/CPRE_381_Proj02/CPRE3810_Proj02/cpre3810-toolflow/proj/src/RegisterFile/dffg.vhd Line: 53
        Info (176358): Non-global destination nodes limited to 10 nodes
Info (176233): Starting register packing
Info (176235): Finished register packing
    Extra Info (176219): No registers were packed into other blocks
Info (176214): Statistics of I/O pins that need to be placed that use the same VCCIO and VREF, before I/O pin placement
    Info (176211): Number of I/O pins in group: 97 (unused VREF, 2.5V VCCIO, 65 input, 32 output, 0 bidirectional)
        Info (176212): I/O standards used: 2.5 V.
Info (176215): I/O bank details before I/O pin placement
    Info (176214): Statistics of I/O banks
        Info (176213): I/O bank number 1 does not use VREF pins and has undetermined VCCIO pins. 5 total pin(s) used --  51 pins available
        Info (176213): I/O bank number 2 does not use VREF pins and has undetermined VCCIO pins. 1 total pin(s) used --  62 pins available
        Info (176213): I/O bank number 3 does not use VREF pins and has undetermined VCCIO pins. 0 total pin(s) used --  73 pins available
        Info (176213): I/O bank number 4 does not use VREF pins and has undetermined VCCIO pins. 0 total pin(s) used --  71 pins available
        Info (176213): I/O bank number 5 does not use VREF pins and has undetermined VCCIO pins. 0 total pin(s) used --  65 pins available
        Info (176213): I/O bank number 6 does not use VREF pins and has undetermined VCCIO pins. 1 total pin(s) used --  57 pins available
        Info (176213): I/O bank number 7 does not use VREF pins and has undetermined VCCIO pins. 0 total pin(s) used --  72 pins available
        Info (176213): I/O bank number 8 does not use VREF pins and has undetermined VCCIO pins. 0 total pin(s) used --  71 pins available
Info (171121): Fitter preparation operations ending: elapsed time is 00:00:24
Info (14896): Fitter has disabled Advanced Physical Optimization because it is not supported for the current family.
Info (170189): Fitter placement preparation operations beginning
Info (170190): Fitter placement preparation operations ending: elapsed time is 00:00:05
Info (170191): Fitter placement operations beginning
Info (170137): Fitter placement was successful
Info (170192): Fitter placement operations ending: elapsed time is 00:00:42
Info (170193): Fitter routing operations beginning
Info (170195): Router estimated average interconnect usage is 15% of the available device resources
    Info (170196): Router estimated peak interconnect usage is 36% of the available device resources in the region that extends from location X23_Y49 to location X33_Y60
Info (170199): The Fitter performed an Auto Fit compilation.  Optimizations were skipped to reduce compilation time.
    Info (170201): Optimizations that may affect the design's routability were skipped
Info (170194): Fitter routing operations ending: elapsed time is 00:01:25
Info (11888): Total time spent on timing analysis during the Fitter is 17.52 seconds.
Info (334003): Started post-fitting delay annotation
Info (334004): Delay annotation completed successfully
Info (334003): Started post-fitting delay annotation
Info (334004): Delay annotation completed successfully
Info (11218): Fitter post-fit operations ending: elapsed time is 00:00:08
Info (144001): Generated suppressed messages file /home/jrd81/CPRE_381_Proj02/CPRE3810_Proj02/cpre3810-toolflow/internal/QuartusWork/output_files/toolflow.fit.smsg
Info: Quartus Prime Fitter was successful. 0 errors, 3 warnings
    Info: Peak virtual memory: 2531 megabytes
    Info: Processing ended: Fri Apr 17 10:21:01 2026
    Info: Elapsed time: 00:03:07
    Info: Total CPU time (on all processors): 00:07:05
Info: *******************************************************************
Info: Running Quartus Prime Assembler
    Info: Version 20.1.1 Build 720 11/11/2020 SJ Standard Edition
    Info: Copyright (C) 2020  Intel Corporation. All rights reserved.
    Info: Your use of Intel Corporation's design tools, logic functions 
    Info: and other software and tools, and any partner logic 
    Info: functions, and any output files from any of the foregoing 
    Info: (including device programming or simulation files), and any 
    Info: associated documentation or information are expressly subject 
    Info: to the terms and conditions of the Intel Program License 
    Info: Subscription Agreement, the Intel Quartus Prime License Agreement,
    Info: the Intel FPGA IP License Agreement, or other applicable license
    Info: agreement, including, without limitation, that your use is for
    Info: the sole purpose of programming logic devices manufactured by
    Info: Intel and sold by Intel or its authorized distributors.  Please
    Info: refer to the applicable agreement for further details, at
    Info: https://fpgasoftware.intel.com/eula.
    Info: Processing started: Fri Apr 17 10:21:02 2026
Info: Command: quartus_asm --read_settings_files=on --write_settings_files=off toolflow -c toolflow
Warning (18236): Number of processors has not been specified which may cause overloading on shared machines.  Set the global assignment NUM_PARALLEL_PROCESSORS in your QSF to an appropriate value for best performance.
Info (115031): Writing out detailed assembly data for power analysis
Info (115030): Assembler is generating device programming files
Info: Quartus Prime Assembler was successful. 0 errors, 1 warning
    Info: Peak virtual memory: 699 megabytes
    Info: Processing ended: Fri Apr 17 10:21:06 2026
    Info: Elapsed time: 00:00:04
    Info: Total CPU time (on all processors): 00:00:03
