[inst #1] addi x5,x0,5
Register Write to Reg: 0x05 Val: 0x00000005
[inst #2] addi x6,x0,1
Register Write to Reg: 0x06 Val: 0x00000001
[inst #3] sll x7,x5,x6
Register Write to Reg: 0x07 Val: 0x0000000A
[inst #4] add x10,x5,x7
Register Write to Reg: 0x0A Val: 0x0000000F
[inst #5] addi x6,x6,1
Register Write to Reg: 0x06 Val: 0x00000002
[inst #6] sll x7,x5,x6
Register Write to Reg: 0x07 Val: 0x00000014
[inst #7] add x10,x10,x7
Register Write to Reg: 0x0A Val: 0x00000023
[inst #8] addi x6,x6,1
Register Write to Reg: 0x06 Val: 0x00000003
[inst #9] sll x7,x5,x6
Register Write to Reg: 0x07 Val: 0x00000028
[inst #10] add x10,x10,x7
Register Write to Reg: 0x0A Val: 0x0000004B
[inst #11] addi x6,x6,1
Register Write to Reg: 0x06 Val: 0x00000004
[inst #12] sll x7,x5,x6
Register Write to Reg: 0x07 Val: 0x00000050
[inst #13] add x10,x10,x7
Register Write to Reg: 0x0A Val: 0x0000009B
[inst #14] wfi 

Program terminated by dropping off the bottom.
