[inst #1] addi x1,x0,0
Register Write to Reg: 0x01 Val: 0x00000000
[inst #2] addi x2,x0,0
Register Write to Reg: 0x02 Val: 0x00000000
[inst #3] addi x3,x0,0
Register Write to Reg: 0x03 Val: 0x00000000
[inst #4] addi x4,x0,0
Register Write to Reg: 0x04 Val: 0x00000000
[inst #5] addi x5,x0,0
Register Write to Reg: 0x05 Val: 0x00000000
[inst #6] addi x6,x0,0
Register Write to Reg: 0x06 Val: 0x00000000
[inst #7] addi x7,x0,0
Register Write to Reg: 0x07 Val: 0x00000000
[inst #8] addi x8,x0,0
Register Write to Reg: 0x08 Val: 0x00000000
[inst #9] addi x9,x0,0
Register Write to Reg: 0x09 Val: 0x00000000
[inst #10] addi x1,x0,2047
Register Write to Reg: 0x01 Val: 0x000007FF
[inst #11] addi x2,x0,-2048
Register Write to Reg: 0x02 Val: 0xFFFFF800
[inst #12] slt x3,x2,x1
Register Write to Reg: 0x03 Val: 0x00000001
[inst #13] slt x4,x1,x2
Register Write to Reg: 0x04 Val: 0x00000000
[inst #14] slt x5,x0,x0
Register Write to Reg: 0x05 Val: 0x00000000
[inst #15] addi x6,x0,16
Register Write to Reg: 0x06 Val: 0x00000010
[inst #16] addi x7,x0,21
Register Write to Reg: 0x07 Val: 0x00000015
[inst #17] slt x6,x6,x7
Register Write to Reg: 0x06 Val: 0x00000001
[inst #18] addi x8,x0,-1
Register Write to Reg: 0x08 Val: 0xFFFFFFFF
[inst #19] slt x9,x8,x0
Register Write to Reg: 0x09 Val: 0x00000001
[inst #20] wfi 

Program terminated by dropping off the bottom.
