In clock cycle: 4
Register Write to Reg: 0x0A Val: 0x10010000
In clock cycle: 5
Register Write to Reg: 0x0B Val: 0x0000002A
In clock cycle: 6
Register Write to Reg: 0x0C Val: 0x00000005
In clock cycle: 6
Memory Write to Addr: 0x10010000 Val: 0x00000000
In clock cycle: 7
Memory Write to Addr: 0x10010004 Val: 0x00000000
In clock cycle: 8
Memory Write to Addr: 0x10010008 Val: 0x00000000
In clock cycle: 9
Memory Write to Addr: 0x1001000C Val: 0x00000000
In clock cycle: 10
Memory Write to Addr: 0x10010010 Val: 0x00000000
In clock cycle: 12
Register Write to Reg: 0x0F Val: 0x00000000
In clock cycle: 13
Register Write to Reg: 0x0E Val: 0x00000004
In clock cycle: 14
Register Write to Reg: 0x11 Val: 0x00000000
In clock cycle: 15
Register Write to Reg: 0x0F Val: 0x00000001
In clock cycle: 16
Register Write to Reg: 0x0D Val: 0x00000000
In clock cycle: 17
Register Write to Reg: 0x0A Val: 0x10010004
In clock cycle: 18
Register Write to Reg: 0x10 Val: 0x00000004
In clock cycle: 20
Register Write to Reg: 0x00 Val: 0x00000000
In clock cycle: 22
Register Write to Reg: 0x00 Val: 0x00000000
In clock cycle: 23
Register Write to Reg: 0x0F Val: 0x00000002
In clock cycle: 24
Register Write to Reg: 0x0D Val: 0x00000000
In clock cycle: 25
Register Write to Reg: 0x0A Val: 0x10010008
In clock cycle: 26
Register Write to Reg: 0x10 Val: 0x00000003
In clock cycle: 28
Register Write to Reg: 0x00 Val: 0x00000000
In clock cycle: 30
Register Write to Reg: 0x00 Val: 0x00000000
In clock cycle: 31
Register Write to Reg: 0x0F Val: 0x00000003
In clock cycle: 32
Register Write to Reg: 0x0D Val: 0x00000000
In clock cycle: 33
Register Write to Reg: 0x0A Val: 0x1001000C
In clock cycle: 34
Register Write to Reg: 0x10 Val: 0x00000002
In clock cycle: 36
Register Write to Reg: 0x00 Val: 0x00000000
In clock cycle: 38
Register Write to Reg: 0x00 Val: 0x00000000
In clock cycle: 39
Register Write to Reg: 0x0F Val: 0x00000004
In clock cycle: 40
Register Write to Reg: 0x0D Val: 0x00000000
In clock cycle: 41
Register Write to Reg: 0x0A Val: 0x10010010
In clock cycle: 42
Register Write to Reg: 0x10 Val: 0x00000001
In clock cycle: 44
Register Write to Reg: 0x00 Val: 0x00000000
In clock cycle: 46
Register Write to Reg: 0x00 Val: 0x00000000
In clock cycle: 47
Register Write to Reg: 0x0F Val: 0x00000005
In clock cycle: 48
Register Write to Reg: 0x0D Val: 0x00000000
In clock cycle: 49
Register Write to Reg: 0x0A Val: 0x10010014
In clock cycle: 50
Register Write to Reg: 0x10 Val: 0x00000000
In clock cycle: 52
Register Write to Reg: 0x00 Val: 0x00000000
In clock cycle: 54
Register Write to Reg: 0x00 Val: 0x00000000
Execution is stopping! Clock Cycle: 54
