[inst #1] lui x10,65552
Register Write to Reg: 0x0A Val: 0x10010000
[inst #2] addi x11,x0,42
Register Write to Reg: 0x0B Val: 0x0000002A
[inst #3] addi x12,x0,5
Register Write to Reg: 0x0C Val: 0x00000005
[inst #4] sw x0,0(x10)
Memory Write to Addr: 0x10010000 Val: 0x00000000
[inst #5] sw x0,4(x10)
Memory Write to Addr: 0x10010004 Val: 0x00000000
[inst #6] sw x0,8(x10)
Memory Write to Addr: 0x10010008 Val: 0x00000000
[inst #7] sw x0,12(x10)
Memory Write to Addr: 0x1001000C Val: 0x00000000
[inst #8] sw x0,16(x10)
Memory Write to Addr: 0x10010010 Val: 0x00000000
[inst #9] addi x15,x0,0
Register Write to Reg: 0x0F Val: 0x00000000
[inst #10] addi x14,x0,4
Register Write to Reg: 0x0E Val: 0x00000004
[inst #11] add x17,x0,x0
Register Write to Reg: 0x11 Val: 0x00000000
[inst #12] addi x15,x15,1
Register Write to Reg: 0x0F Val: 0x00000001
[inst #13] lw x13,0(x10)
Register Write to Reg: 0x0D Val: 0x00000000
[inst #14] add x10,x10,x14
Register Write to Reg: 0x0A Val: 0x10010004
[inst #15] sub x16,x12,x15
Register Write to Reg: 0x10 Val: 0x00000004
[inst #16] beq x13,x11,24
[inst #17] addi x0,x0,0
Register Write to Reg: 0x00 Val: 0x00000000
[inst #18] bne x16,x0,-24
[inst #19] addi x15,x15,1
Register Write to Reg: 0x0F Val: 0x00000002
[inst #20] lw x13,0(x10)
Register Write to Reg: 0x0D Val: 0x00000000
[inst #21] add x10,x10,x14
Register Write to Reg: 0x0A Val: 0x10010008
[inst #22] sub x16,x12,x15
Register Write to Reg: 0x10 Val: 0x00000003
[inst #23] beq x13,x11,24
[inst #24] addi x0,x0,0
Register Write to Reg: 0x00 Val: 0x00000000
[inst #25] bne x16,x0,-24
[inst #26] addi x15,x15,1
Register Write to Reg: 0x0F Val: 0x00000003
[inst #27] lw x13,0(x10)
Register Write to Reg: 0x0D Val: 0x00000000
[inst #28] add x10,x10,x14
Register Write to Reg: 0x0A Val: 0x1001000C
[inst #29] sub x16,x12,x15
Register Write to Reg: 0x10 Val: 0x00000002
[inst #30] beq x13,x11,24
[inst #31] addi x0,x0,0
Register Write to Reg: 0x00 Val: 0x00000000
[inst #32] bne x16,x0,-24
[inst #33] addi x15,x15,1
Register Write to Reg: 0x0F Val: 0x00000004
[inst #34] lw x13,0(x10)
Register Write to Reg: 0x0D Val: 0x00000000
[inst #35] add x10,x10,x14
Register Write to Reg: 0x0A Val: 0x10010010
[inst #36] sub x16,x12,x15
Register Write to Reg: 0x10 Val: 0x00000001
[inst #37] beq x13,x11,24
[inst #38] addi x0,x0,0
Register Write to Reg: 0x00 Val: 0x00000000
[inst #39] bne x16,x0,-24
[inst #40] addi x15,x15,1
Register Write to Reg: 0x0F Val: 0x00000005
[inst #41] lw x13,0(x10)
Register Write to Reg: 0x0D Val: 0x00000000
[inst #42] add x10,x10,x14
Register Write to Reg: 0x0A Val: 0x10010014
[inst #43] sub x16,x12,x15
Register Write to Reg: 0x10 Val: 0x00000000
[inst #44] beq x13,x11,24
[inst #45] addi x0,x0,0
Register Write to Reg: 0x00 Val: 0x00000000
[inst #46] bne x16,x0,-24
[inst #47] addi x0,x0,0
Register Write to Reg: 0x00 Val: 0x00000000
[inst #48] jal x0,12
Register Write to Reg: 0x00 Val: 0x00400050
[inst #49] wfi 

Program terminated by dropping off the bottom.
