[inst #1] addi x2,x0,1
Register Write to Reg: 0x02 Val: 0x00000001
[inst #2] addi x3,x0,2
Register Write to Reg: 0x03 Val: 0x00000002
[inst #3] addi x4,x0,3
Register Write to Reg: 0x04 Val: 0x00000003
[inst #4] addi x5,x0,4
Register Write to Reg: 0x05 Val: 0x00000004
[inst #5] addi x6,x0,5
Register Write to Reg: 0x06 Val: 0x00000005
[inst #6] addi x7,x0,6
Register Write to Reg: 0x07 Val: 0x00000006
[inst #7] addi x8,x0,7
Register Write to Reg: 0x08 Val: 0x00000007
[inst #8] addi x9,x0,8
Register Write to Reg: 0x09 Val: 0x00000008
[inst #9] addi x10,x0,9
Register Write to Reg: 0x0A Val: 0x00000009
[inst #10] addi x11,x0,10
Register Write to Reg: 0x0B Val: 0x0000000A
[inst #11] addi x12,x0,11
Register Write to Reg: 0x0C Val: 0x0000000B
[inst #12] addi x13,x0,12
Register Write to Reg: 0x0D Val: 0x0000000C
[inst #13] addi x14,x0,13
Register Write to Reg: 0x0E Val: 0x0000000D
[inst #14] addi x15,x0,14
Register Write to Reg: 0x0F Val: 0x0000000E
[inst #15] addi x16,x0,15
Register Write to Reg: 0x10 Val: 0x0000000F
[inst #16] addi x17,x0,16
Register Write to Reg: 0x11 Val: 0x00000010
[inst #17] addi x18,x0,18
Register Write to Reg: 0x12 Val: 0x00000012
[inst #18] addi x19,x0,19
Register Write to Reg: 0x13 Val: 0x00000013
[inst #19] addi x20,x0,20
Register Write to Reg: 0x14 Val: 0x00000014
[inst #20] addi x21,x0,21
Register Write to Reg: 0x15 Val: 0x00000015
[inst #21] addi x22,x0,22
Register Write to Reg: 0x16 Val: 0x00000016
[inst #22] addi x23,x0,23
Register Write to Reg: 0x17 Val: 0x00000017
[inst #23] addi x24,x0,24
Register Write to Reg: 0x18 Val: 0x00000018
[inst #24] addi x25,x0,25
Register Write to Reg: 0x19 Val: 0x00000019
[inst #25] addi x26,x0,26
Register Write to Reg: 0x1A Val: 0x0000001A
[inst #26] addi x27,x0,27
Register Write to Reg: 0x1B Val: 0x0000001B
[inst #27] addi x28,x0,28
Register Write to Reg: 0x1C Val: 0x0000001C
[inst #28] addi x29,x0,29
Register Write to Reg: 0x1D Val: 0x0000001D
[inst #29] addi x30,x0,30
Register Write to Reg: 0x1E Val: 0x0000001E
[inst #30] addi x31,x0,31
Register Write to Reg: 0x1F Val: 0x0000001F
[inst #31] addi x1,x0,17
Register Write to Reg: 0x01 Val: 0x00000011
[inst #32] sra x1,x1,x0
Register Write to Reg: 0x01 Val: 0x00000011
[inst #33] sra x2,x1,x2
Register Write to Reg: 0x02 Val: 0x00000008
[inst #34] sra x3,x1,x3
Register Write to Reg: 0x03 Val: 0x00000004
[inst #35] sra x4,x1,x4
Register Write to Reg: 0x04 Val: 0x00000002
[inst #36] sra x5,x1,x5
Register Write to Reg: 0x05 Val: 0x00000001
[inst #37] sra x6,x1,x6
Register Write to Reg: 0x06 Val: 0x00000000
[inst #38] sra x7,x1,x7
Register Write to Reg: 0x07 Val: 0x00000000
[inst #39] sra x8,x1,x8
Register Write to Reg: 0x08 Val: 0x00000000
[inst #40] sra x9,x1,x9
Register Write to Reg: 0x09 Val: 0x00000000
[inst #41] sra x10,x1,x10
Register Write to Reg: 0x0A Val: 0x00000000
[inst #42] sra x11,x1,x11
Register Write to Reg: 0x0B Val: 0x00000000
[inst #43] sra x12,x1,x12
Register Write to Reg: 0x0C Val: 0x00000000
[inst #44] sra x13,x1,x13
Register Write to Reg: 0x0D Val: 0x00000000
[inst #45] sra x14,x1,x14
Register Write to Reg: 0x0E Val: 0x00000000
[inst #46] sra x15,x1,x15
Register Write to Reg: 0x0F Val: 0x00000000
[inst #47] sra x16,x1,x16
Register Write to Reg: 0x10 Val: 0x00000000
[inst #48] sra x17,x1,x17
Register Write to Reg: 0x11 Val: 0x00000000
[inst #49] sra x18,x1,x18
Register Write to Reg: 0x12 Val: 0x00000000
[inst #50] sra x19,x1,x19
Register Write to Reg: 0x13 Val: 0x00000000
[inst #51] sra x20,x1,x20
Register Write to Reg: 0x14 Val: 0x00000000
[inst #52] sra x21,x1,x21
Register Write to Reg: 0x15 Val: 0x00000000
[inst #53] sra x22,x1,x22
Register Write to Reg: 0x16 Val: 0x00000000
[inst #54] sra x23,x1,x23
Register Write to Reg: 0x17 Val: 0x00000000
[inst #55] sra x24,x1,x24
Register Write to Reg: 0x18 Val: 0x00000000
[inst #56] sra x25,x1,x25
Register Write to Reg: 0x19 Val: 0x00000000
[inst #57] sra x26,x1,x26
Register Write to Reg: 0x1A Val: 0x00000000
[inst #58] sra x27,x1,x27
Register Write to Reg: 0x1B Val: 0x00000000
[inst #59] sra x28,x1,x28
Register Write to Reg: 0x1C Val: 0x00000000
[inst #60] sra x29,x1,x29
Register Write to Reg: 0x1D Val: 0x00000000
[inst #61] sra x30,x1,x30
Register Write to Reg: 0x1E Val: 0x00000000
[inst #62] sra x31,x1,x31
Register Write to Reg: 0x1F Val: 0x00000000
[inst #63] wfi 

Program terminated by dropping off the bottom.
