[inst #1] addi x1,x0,0
Register Write to Reg: 0x01 Val: 0x00000000
[inst #2] addi x2,x0,0
Register Write to Reg: 0x02 Val: 0x00000000
[inst #3] addi x3,x0,0
Register Write to Reg: 0x03 Val: 0x00000000
[inst #4] addi x4,x0,0
Register Write to Reg: 0x04 Val: 0x00000000
[inst #5] addi x5,x0,0
Register Write to Reg: 0x05 Val: 0x00000000
[inst #6] addi x6,x0,0
Register Write to Reg: 0x06 Val: 0x00000000
[inst #7] addi x7,x0,0
Register Write to Reg: 0x07 Val: 0x00000000
[inst #8] addi x8,x0,0
Register Write to Reg: 0x08 Val: 0x00000000
[inst #9] addi x9,x0,0
Register Write to Reg: 0x09 Val: 0x00000000
[inst #10] addi x10,x0,0
Register Write to Reg: 0x0A Val: 0x00000000
[inst #11] addi x11,x0,0
Register Write to Reg: 0x0B Val: 0x00000000
[inst #12] addi x1,x0,-6
Register Write to Reg: 0x01 Val: 0xFFFFFFFA
[inst #13] addi x2,x0,8
Register Write to Reg: 0x02 Val: 0x00000008
[inst #14] slt x3,x1,x2
Register Write to Reg: 0x03 Val: 0x00000001
[inst #15] slt x4,x2,x1
Register Write to Reg: 0x04 Val: 0x00000000
[inst #16] addi x5,x0,-15
Register Write to Reg: 0x05 Val: 0xFFFFFFF1
[inst #17] addi x6,x0,-9
Register Write to Reg: 0x06 Val: 0xFFFFFFF7
[inst #18] slt x7,x5,x6
Register Write to Reg: 0x07 Val: 0x00000001
[inst #19] slt x8,x6,x5
Register Write to Reg: 0x08 Val: 0x00000000
[inst #20] addi x9,x0,-7
Register Write to Reg: 0x09 Val: 0xFFFFFFF9
[inst #21] addi x10,x0,-7
Register Write to Reg: 0x0A Val: 0xFFFFFFF9
[inst #22] slt x11,x9,x10
Register Write to Reg: 0x0B Val: 0x00000000
[inst #23] wfi 

Program terminated by dropping off the bottom.
