[inst #1] lui x5,1048575
Register Write to Reg: 0x05 Val: 0xFFFFF000
[inst #2] srai x6,x5,1
Register Write to Reg: 0x06 Val: 0xFFFFF800
[inst #3] srai x6,x5,2
Register Write to Reg: 0x06 Val: 0xFFFFFC00
[inst #4] srai x6,x5,3
Register Write to Reg: 0x06 Val: 0xFFFFFE00
[inst #5] srai x6,x5,4
Register Write to Reg: 0x06 Val: 0xFFFFFF00
[inst #6] srai x6,x5,5
Register Write to Reg: 0x06 Val: 0xFFFFFF80
[inst #7] srai x6,x5,6
Register Write to Reg: 0x06 Val: 0xFFFFFFC0
[inst #8] srai x6,x5,7
Register Write to Reg: 0x06 Val: 0xFFFFFFE0
[inst #9] srai x6,x5,8
Register Write to Reg: 0x06 Val: 0xFFFFFFF0
[inst #10] srai x6,x5,9
Register Write to Reg: 0x06 Val: 0xFFFFFFF8
[inst #11] srai x6,x5,11
Register Write to Reg: 0x06 Val: 0xFFFFFFFE
[inst #12] srai x6,x5,12
Register Write to Reg: 0x06 Val: 0xFFFFFFFF
[inst #13] srai x6,x5,13
Register Write to Reg: 0x06 Val: 0xFFFFFFFF
[inst #14] wfi 

Program terminated by dropping off the bottom.
