[inst #1] lui x2,74565
Register Write to Reg: 0x02 Val: 0x12345000
[inst #2] addi x2,x2,1656
Register Write to Reg: 0x02 Val: 0x12345678
[inst #3] lui x3,74565
Register Write to Reg: 0x03 Val: 0x12345000
[inst #4] addi x3,x3,1656
Register Write to Reg: 0x03 Val: 0x12345678
[inst #5] lui x4,74565
Register Write to Reg: 0x04 Val: 0x12345000
[inst #6] addi x4,x4,1656
Register Write to Reg: 0x04 Val: 0x12345678
[inst #7] lui x5,74565
Register Write to Reg: 0x05 Val: 0x12345000
[inst #8] addi x5,x5,1656
Register Write to Reg: 0x05 Val: 0x12345678
[inst #9] lui x6,74565
Register Write to Reg: 0x06 Val: 0x12345000
[inst #10] addi x6,x6,1656
Register Write to Reg: 0x06 Val: 0x12345678
[inst #11] lui x7,74565
Register Write to Reg: 0x07 Val: 0x12345000
[inst #12] addi x7,x7,1656
Register Write to Reg: 0x07 Val: 0x12345678
[inst #13] lui x8,74565
Register Write to Reg: 0x08 Val: 0x12345000
[inst #14] addi x8,x8,1656
Register Write to Reg: 0x08 Val: 0x12345678
[inst #15] lui x9,74565
Register Write to Reg: 0x09 Val: 0x12345000
[inst #16] addi x9,x9,1656
Register Write to Reg: 0x09 Val: 0x12345678
[inst #17] lui x10,74565
Register Write to Reg: 0x0A Val: 0x12345000
[inst #18] addi x10,x10,1656
Register Write to Reg: 0x0A Val: 0x12345678
[inst #19] lui x11,74565
Register Write to Reg: 0x0B Val: 0x12345000
[inst #20] addi x11,x11,1656
Register Write to Reg: 0x0B Val: 0x12345678
[inst #21] lui x12,74565
Register Write to Reg: 0x0C Val: 0x12345000
[inst #22] addi x12,x12,1656
Register Write to Reg: 0x0C Val: 0x12345678
[inst #23] lui x13,74565
Register Write to Reg: 0x0D Val: 0x12345000
[inst #24] addi x13,x13,1656
Register Write to Reg: 0x0D Val: 0x12345678
[inst #25] lui x14,74565
Register Write to Reg: 0x0E Val: 0x12345000
[inst #26] addi x14,x14,1656
Register Write to Reg: 0x0E Val: 0x12345678
[inst #27] lui x15,74565
Register Write to Reg: 0x0F Val: 0x12345000
[inst #28] addi x15,x15,1656
Register Write to Reg: 0x0F Val: 0x12345678
[inst #29] lui x16,74565
Register Write to Reg: 0x10 Val: 0x12345000
[inst #30] addi x16,x16,1656
Register Write to Reg: 0x10 Val: 0x12345678
[inst #31] lui x17,74565
Register Write to Reg: 0x11 Val: 0x12345000
[inst #32] addi x17,x17,1656
Register Write to Reg: 0x11 Val: 0x12345678
[inst #33] lui x18,74565
Register Write to Reg: 0x12 Val: 0x12345000
[inst #34] addi x18,x18,1656
Register Write to Reg: 0x12 Val: 0x12345678
[inst #35] lui x19,74565
Register Write to Reg: 0x13 Val: 0x12345000
[inst #36] addi x19,x19,1656
Register Write to Reg: 0x13 Val: 0x12345678
[inst #37] lui x20,74565
Register Write to Reg: 0x14 Val: 0x12345000
[inst #38] addi x20,x20,1656
Register Write to Reg: 0x14 Val: 0x12345678
[inst #39] lui x21,74565
Register Write to Reg: 0x15 Val: 0x12345000
[inst #40] addi x21,x21,1656
Register Write to Reg: 0x15 Val: 0x12345678
[inst #41] lui x22,74565
Register Write to Reg: 0x16 Val: 0x12345000
[inst #42] addi x22,x22,1656
Register Write to Reg: 0x16 Val: 0x12345678
[inst #43] lui x23,74565
Register Write to Reg: 0x17 Val: 0x12345000
[inst #44] addi x23,x23,1656
Register Write to Reg: 0x17 Val: 0x12345678
[inst #45] lui x24,74565
Register Write to Reg: 0x18 Val: 0x12345000
[inst #46] addi x24,x24,1656
Register Write to Reg: 0x18 Val: 0x12345678
[inst #47] lui x25,74565
Register Write to Reg: 0x19 Val: 0x12345000
[inst #48] addi x25,x25,1656
Register Write to Reg: 0x19 Val: 0x12345678
[inst #49] lui x26,74565
Register Write to Reg: 0x1A Val: 0x12345000
[inst #50] addi x26,x26,1656
Register Write to Reg: 0x1A Val: 0x12345678
[inst #51] lui x27,74565
Register Write to Reg: 0x1B Val: 0x12345000
[inst #52] addi x27,x27,1656
Register Write to Reg: 0x1B Val: 0x12345678
[inst #53] lui x28,74565
Register Write to Reg: 0x1C Val: 0x12345000
[inst #54] addi x28,x28,1656
Register Write to Reg: 0x1C Val: 0x12345678
[inst #55] lui x29,74565
Register Write to Reg: 0x1D Val: 0x12345000
[inst #56] addi x29,x29,1656
Register Write to Reg: 0x1D Val: 0x12345678
[inst #57] lui x30,74565
Register Write to Reg: 0x1E Val: 0x12345000
[inst #58] addi x30,x30,1656
Register Write to Reg: 0x1E Val: 0x12345678
[inst #59] lui x31,74565
Register Write to Reg: 0x1F Val: 0x12345000
[inst #60] addi x31,x31,1656
Register Write to Reg: 0x1F Val: 0x12345678
[inst #61] addi x1,x0,17
Register Write to Reg: 0x01 Val: 0x00000011
[inst #62] sra x2,x2,x1
Register Write to Reg: 0x02 Val: 0x0000091A
[inst #63] sra x3,x3,x1
Register Write to Reg: 0x03 Val: 0x0000091A
[inst #64] sra x4,x4,x1
Register Write to Reg: 0x04 Val: 0x0000091A
[inst #65] sra x5,x5,x1
Register Write to Reg: 0x05 Val: 0x0000091A
[inst #66] sra x6,x6,x1
Register Write to Reg: 0x06 Val: 0x0000091A
[inst #67] sra x7,x7,x1
Register Write to Reg: 0x07 Val: 0x0000091A
[inst #68] sra x8,x8,x1
Register Write to Reg: 0x08 Val: 0x0000091A
[inst #69] sra x9,x9,x1
Register Write to Reg: 0x09 Val: 0x0000091A
[inst #70] sra x10,x10,x1
Register Write to Reg: 0x0A Val: 0x0000091A
[inst #71] sra x11,x11,x1
Register Write to Reg: 0x0B Val: 0x0000091A
[inst #72] sra x12,x12,x1
Register Write to Reg: 0x0C Val: 0x0000091A
[inst #73] sra x13,x13,x1
Register Write to Reg: 0x0D Val: 0x0000091A
[inst #74] sra x14,x14,x1
Register Write to Reg: 0x0E Val: 0x0000091A
[inst #75] sra x15,x15,x1
Register Write to Reg: 0x0F Val: 0x0000091A
[inst #76] sra x16,x16,x1
Register Write to Reg: 0x10 Val: 0x0000091A
[inst #77] sra x17,x17,x1
Register Write to Reg: 0x11 Val: 0x0000091A
[inst #78] sra x18,x18,x1
Register Write to Reg: 0x12 Val: 0x0000091A
[inst #79] sra x19,x19,x1
Register Write to Reg: 0x13 Val: 0x0000091A
[inst #80] sra x20,x20,x1
Register Write to Reg: 0x14 Val: 0x0000091A
[inst #81] sra x21,x21,x1
Register Write to Reg: 0x15 Val: 0x0000091A
[inst #82] sra x22,x22,x1
Register Write to Reg: 0x16 Val: 0x0000091A
[inst #83] sra x23,x23,x1
Register Write to Reg: 0x17 Val: 0x0000091A
[inst #84] sra x24,x24,x1
Register Write to Reg: 0x18 Val: 0x0000091A
[inst #85] sra x25,x25,x1
Register Write to Reg: 0x19 Val: 0x0000091A
[inst #86] sra x26,x26,x1
Register Write to Reg: 0x1A Val: 0x0000091A
[inst #87] sra x27,x27,x1
Register Write to Reg: 0x1B Val: 0x0000091A
[inst #88] sra x28,x28,x1
Register Write to Reg: 0x1C Val: 0x0000091A
[inst #89] sra x29,x29,x1
Register Write to Reg: 0x1D Val: 0x0000091A
[inst #90] sra x30,x30,x1
Register Write to Reg: 0x1E Val: 0x0000091A
[inst #91] sra x31,x31,x1
Register Write to Reg: 0x1F Val: 0x0000091A
[inst #92] wfi 

Program terminated by dropping off the bottom.
