QuestaSim-64 vcom 2025.1_2 Compiler 2025.04 Apr  7 2025
Start time: 11:02:18 on Apr 17,2026
vcom -2008 -work internal/ModelSimContainer/work proj/src/RISCV_types.vhd internal/testpy/tb.vhd proj/src/RISCV_types.vhd proj/src/LogicGates/andg2.vhd proj/src/LogicGates/mux2t1_N.vhd proj/src/LogicGates/mux4t1.vhd proj/src/LogicGates/org2.vhd proj/src/LogicGates/invg.vhd proj/src/LogicGates/andg_6t3.vhd proj/src/LogicGates/mux2t1.vhd proj/src/LogicGates/xorg2.vhd proj/src/Branching/proj2_blt.vhd proj/src/Branching/blt_combine.vhd proj/src/Branching/comparator_n.vhd proj/src/Branching/proj2_branch.vhd proj/src/Branching/comparator.vhd proj/src/Branching/blt_combine_n.vhd proj/src/TopLevel/RISCV_Processor.vhd proj/src/TopLevel/mem.vhd proj/src/ALU/addSub.vhd proj/src/ALU/proj02_ALU.vhd proj/src/ALU/busMux_4t1.vhd proj/src/ALU/proj01_SLT.vhd proj/src/ALU/busMux_8t1.vhd proj/src/ALU/addSub_BRANCH.vhd proj/src/ALU/basic_adder_n_BRANCH.vhd proj/src/ALU/proj01_BEQ.vhd proj/src/ALU/and_N.vhd proj/src/ALU/tb_proj01_ALU.vhd proj/src/ALU/or_ALU.vhd proj/src/ALU/xor_N.vhd proj/src/ALU/ones_comp_N.vhd proj/src/ALU/xor_ALU.vhd proj/src/ALU/proj01_branchWrap.vhd proj/src/ALU/or_N.vhd proj/src/ALU/and_ALU.vhd proj/src/ALU/shifter.vhd proj/src/PipeRegisters/ExecuteMemory_Reg.vhd proj/src/PipeRegisters/FetchDecode_Reg.vhd proj/src/PipeRegisters/DecodeExecute_Reg.vhd proj/src/PipeRegisters/MemoryWriteback_Reg.vhd proj/src/Imm_Gen/imm_gen.vhd proj/src/Load/proj01_LOAD.vhd proj/src/Fetch/basic_adder_n.vhd proj/src/Fetch/busMux_2t1.vhd proj/src/Fetch/proj1_fetch.vhd proj/src/Fetch/basic_adder.vhd proj/src/Control/ctrl_decoder.vhd proj/src/RegisterFile/reg_n.vhd proj/src/RegisterFile/decoder_5t32.vhd proj/src/RegisterFile/mux_32t1.vhd proj/src/RegisterFile/reg_file.vhd proj/src/RegisterFile/dffg.vhd proj/src/Extenders/extender_U20b.vhd proj/src/Extenders/extenders.vhd 
-- Loading package STANDARD
-- Loading package TEXTIO
-- Loading package std_logic_1164
-- Compiling package RISCV_types
-- Loading package std_logic_textio
-- Loading package ENV
-- Compiling entity tb
-- Compiling architecture mixed of tb
** Warning: proj/src/RISCV_types.vhd(15): (vcom-1615) Existing package 'RISCV_types' at line 18 will be overwritten.
-- Compiling package RISCV_types
-- Compiling entity andg2
-- Compiling architecture dataflow of andg2
-- Compiling entity mux2t1_N
-- Compiling architecture structural of mux2t1_N
-- Loading package NUMERIC_STD
-- Compiling entity mux4t1
-- Compiling architecture structural of mux4t1
-- Compiling entity org2
-- Compiling architecture dataflow of org2
-- Compiling entity invg
-- Compiling architecture dataflow of invg
-- Compiling entity andg_6t3
-- Compiling architecture structural of andg_6t3
-- Compiling entity mux2t1
-- Compiling architecture structural of mux2t1
-- Compiling entity xorg2
-- Compiling architecture dataflow of xorg2
-- Compiling entity proj2_blt
-- Compiling architecture mixed of proj2_blt
-- Compiling entity blt_combine
-- Compiling architecture structural of blt_combine
-- Compiling entity comparator_n
-- Compiling architecture structural of comparator_n
-- Compiling entity proj2_branch
-- Compiling architecture mixed of proj2_branch
-- Compiling entity comparator
-- Compiling architecture structural of comparator
-- Compiling entity blt_combine_n
-- Compiling architecture structural of blt_combine_n
-- Loading package RISCV_types
-- Compiling entity RISCV_Processor
-- Compiling architecture structure of RISCV_Processor
-- Compiling entity mem
-- Compiling architecture rtl of mem
-- Compiling entity addSub
-- Compiling architecture structural of addSub
-- Compiling entity proj02_ALU
-- Compiling architecture structural of proj02_ALU
-- Compiling entity busMux_4t1
-- Compiling architecture structural of busMux_4t1
-- Compiling entity proj01_SLT
-- Compiling architecture structural of proj01_SLT
-- Compiling entity busMux_8t1
-- Compiling architecture structural of busMux_8t1
-- Compiling entity addSub_BRANCH
-- Compiling architecture structural of addSub_BRANCH
-- Compiling entity basic_adder_n_BRANCH
-- Compiling architecture structural of basic_adder_n_BRANCH
-- Compiling entity proj01_BEQ
-- Compiling architecture structural of proj01_BEQ
-- Compiling entity and_N
-- Compiling architecture structural of and_N
-- Compiling entity tb_proj01_ALU
-- Compiling architecture proj01_ALU of tb_proj01_ALU
-- Compiling entity or_ALU
-- Compiling architecture structural of or_ALU
-- Compiling entity xor_N
-- Compiling architecture structural of xor_N
-- Compiling entity ones_comp_N
-- Compiling architecture structural of ones_comp_N
-- Compiling entity xor_ALU
-- Compiling architecture structural of xor_ALU
-- Compiling entity proj01_branchWrap
-- Compiling architecture structural of proj01_branchWrap
-- Compiling entity or_N
-- Compiling architecture structural of or_N
-- Compiling entity and_ALU
-- Compiling architecture structural of and_ALU
-- Compiling entity shifter
-- Compiling architecture structural of shifter
-- Compiling entity ExecuteMemory_Reg
-- Compiling architecture structural of ExecuteMemory_Reg
-- Compiling entity FetchDecode_Reg
-- Compiling architecture structural of FetchDecode_Reg
-- Compiling entity DecodeExecute_Reg
-- Compiling architecture structural of DecodeExecute_Reg
-- Compiling entity MemoryWriteback_Reg
-- Compiling architecture structural of MemoryWriteback_Reg
-- Compiling entity imm_gen
-- Compiling architecture dataflow of imm_gen
-- Compiling entity proj01_LOAD
-- Compiling architecture structural of proj01_LOAD
-- Compiling entity basic_adder_n
-- Compiling architecture structural of basic_adder_n
-- Compiling entity busMux_2t1
-- Compiling architecture dataflow of busMux_2t1
-- Compiling entity proj1_fetch
-- Compiling architecture structural of proj1_fetch
-- Compiling entity basic_adder
-- Compiling architecture structural of basic_adder
-- Compiling entity ctrl_decoder
-- Compiling architecture dataflow of ctrl_decoder
-- Compiling entity reg_n
-- Compiling architecture structural of reg_n
-- Compiling entity decoder_5t32
-- Compiling architecture mixed of decoder_5t32
-- Compiling entity mux_32t1
-- Compiling architecture dataflow of mux_32t1
-- Compiling entity reg_file
-- Compiling architecture structural of reg_file
-- Compiling entity dffg
-- Compiling architecture mixed of dffg
-- Compiling entity extender_20b
-- Compiling architecture dataflow of extender_20b
-- Compiling entity extenders
-- Compiling architecture dataflow of extenders
End time: 11:02:18 on Apr 17,2026, Elapsed time: 0:00:00
Errors: 0, Warnings: 1
