[inst #1] addi x1,x0,0
Register Write to Reg: 0x01 Val: 0x00000000
[inst #2] addi x2,x0,0
Register Write to Reg: 0x02 Val: 0x00000000
[inst #3] addi x3,x0,0
Register Write to Reg: 0x03 Val: 0x00000000
[inst #4] addi x4,x0,0
Register Write to Reg: 0x04 Val: 0x00000000
[inst #5] addi x5,x0,0
Register Write to Reg: 0x05 Val: 0x00000000
[inst #6] addi x6,x0,0
Register Write to Reg: 0x06 Val: 0x00000000
[inst #7] addi x7,x0,0
Register Write to Reg: 0x07 Val: 0x00000000
[inst #8] addi x8,x0,0
Register Write to Reg: 0x08 Val: 0x00000000
[inst #9] addi x9,x0,0
Register Write to Reg: 0x09 Val: 0x00000000
[inst #10] addi x10,x0,0
Register Write to Reg: 0x0A Val: 0x00000000
[inst #11] addi x1,x0,4
Register Write to Reg: 0x01 Val: 0x00000004
[inst #12] addi x2,x0,7
Register Write to Reg: 0x02 Val: 0x00000007
[inst #13] slt x3,x1,x2
Register Write to Reg: 0x03 Val: 0x00000001
[inst #14] slt x4,x2,x1
Register Write to Reg: 0x04 Val: 0x00000000
[inst #15] addi x5,x0,23
Register Write to Reg: 0x05 Val: 0x00000017
[inst #16] addi x6,x0,23
Register Write to Reg: 0x06 Val: 0x00000017
[inst #17] slt x7,x5,x6
Register Write to Reg: 0x07 Val: 0x00000000
[inst #18] addi x8,x0,3
Register Write to Reg: 0x08 Val: 0x00000003
[inst #19] slt x9,x8,x0
Register Write to Reg: 0x09 Val: 0x00000000
[inst #20] slt x10,x0,x8
Register Write to Reg: 0x0A Val: 0x00000001
[inst #21] wfi 

Program terminated by dropping off the bottom.
