[inst #1] sltiu x2,x0,1
Register Write to Reg: 0x02 Val: 0x00000001
[inst #2] addi x1,x0,7
Register Write to Reg: 0x01 Val: 0x00000007
[inst #3] sltiu x3,x1,1
Register Write to Reg: 0x03 Val: 0x00000000
[inst #4] addi x1,x0,3
Register Write to Reg: 0x01 Val: 0x00000003
[inst #5] sltiu x1,x1,10
Register Write to Reg: 0x01 Val: 0x00000001
[inst #6] addi x1,x0,15
Register Write to Reg: 0x01 Val: 0x0000000F
[inst #7] sltiu x1,x1,5
Register Write to Reg: 0x01 Val: 0x00000000
[inst #8] addi x1,x0,2046
Register Write to Reg: 0x01 Val: 0x000007FE
[inst #9] sltiu x4,x1,2047
Register Write to Reg: 0x04 Val: 0x00000001
[inst #10] addi x1,x0,2047
Register Write to Reg: 0x01 Val: 0x000007FF
[inst #11] sltiu x5,x1,2047
Register Write to Reg: 0x05 Val: 0x00000000
[inst #12] sltiu x6,x0,-2048
Register Write to Reg: 0x06 Val: 0x00000001
[inst #13] addi x1,x0,-2048
Register Write to Reg: 0x01 Val: 0xFFFFF800
[inst #14] sltiu x7,x1,-2048
Register Write to Reg: 0x07 Val: 0x00000000
[inst #15] wfi 

Program terminated by dropping off the bottom.
