[inst #1] lui x5,256
Register Write to Reg: 0x05 Val: 0x00100000
[inst #2] srai x6,x5,1
Register Write to Reg: 0x06 Val: 0x00080000
[inst #3] srai x6,x5,2
Register Write to Reg: 0x06 Val: 0x00040000
[inst #4] srai x6,x5,3
Register Write to Reg: 0x06 Val: 0x00020000
[inst #5] srai x6,x5,4
Register Write to Reg: 0x06 Val: 0x00010000
[inst #6] srai x6,x5,5
Register Write to Reg: 0x06 Val: 0x00008000
[inst #7] srai x6,x5,6
Register Write to Reg: 0x06 Val: 0x00004000
[inst #8] srai x6,x5,7
Register Write to Reg: 0x06 Val: 0x00002000
[inst #9] srai x6,x5,8
Register Write to Reg: 0x06 Val: 0x00001000
[inst #10] srai x6,x5,9
Register Write to Reg: 0x06 Val: 0x00000800
[inst #11] srai x6,x5,10
Register Write to Reg: 0x06 Val: 0x00000400
[inst #12] srai x6,x5,11
Register Write to Reg: 0x06 Val: 0x00000200
[inst #13] srai x6,x5,12
Register Write to Reg: 0x06 Val: 0x00000100
[inst #14] srai x6,x5,13
Register Write to Reg: 0x06 Val: 0x00000080
[inst #15] srai x6,x5,14
Register Write to Reg: 0x06 Val: 0x00000040
[inst #16] srai x6,x5,15
Register Write to Reg: 0x06 Val: 0x00000020
[inst #17] srai x6,x5,16
Register Write to Reg: 0x06 Val: 0x00000010
[inst #18] srai x6,x5,17
Register Write to Reg: 0x06 Val: 0x00000008
[inst #19] srai x6,x5,18
Register Write to Reg: 0x06 Val: 0x00000004
[inst #20] srai x6,x5,19
Register Write to Reg: 0x06 Val: 0x00000002
[inst #21] srai x6,x5,20
Register Write to Reg: 0x06 Val: 0x00000001
[inst #22] wfi 

Program terminated by dropping off the bottom.
